This is LuaTeX, Version beta-0.79.1 (TeX Live 2015/dev/Debian) (rev 4971)  (format=lualatex 2015.4.25)  18 MAY 2015 23:16
 restricted \write18 enabled.
**cbio-postertemplate.tex
(./cbio-postertemplate.tex
LaTeX2e <2014/05/01>
Babel <3.9l> and hyphenation patterns for 79 languages loaded.
(/usr/share/texlive/texmf-dist/tex/latex/tikzposter/tikzposter.cls
Document Class: tikzposter 2014/01/15 v2.0 LaTeX document class for Posters
(/usr/share/texlive/texmf-dist/tex/latex/xkeyval/xkeyval.sty
Package: xkeyval 2014/05/25 v2.7 package option processing (HA)

(/usr/share/texlive/texmf-dist/tex/generic/xkeyval/xkeyval.tex
(/usr/share/texlive/texmf-dist/tex/generic/xkeyval/xkvutils.tex
\XKV@toks=\toks14
\XKV@tempa@toks=\toks15

(/usr/share/texlive/texmf-dist/tex/generic/xkeyval/keyval.tex))
\XKV@depth=\count79
File: xkeyval.tex 2014/05/25 v2.7 key=value parser (HA)
))
(/usr/share/texlive/texmf-dist/tex/latex/tools/calc.sty
Package: calc 2014/10/28 v4.3 Infix arithmetic (KKT,FJ)
\calc@Acount=\count80
\calc@Bcount=\count81
\calc@Adimen=\dimen102
\calc@Bdimen=\dimen103
\calc@Askip=\skip41
\calc@Bskip=\skip42
LaTeX Info: Redefining \setlength on input line 75.
LaTeX Info: Redefining \addtolength on input line 76.
\calc@Ccount=\count82
\calc@Cskip=\skip43
)
(/usr/share/texlive/texmf-dist/tex/latex/base/ifthen.sty
Package: ifthen 2014/09/29 v1.1c Standard LaTeX ifthen package (DPC)
)
(/usr/share/texlive/texmf-dist/tex/latex/ae/ae.sty
Package: ae 2001/02/12 1.3 Almost European Computer Modern

(/usr/share/texlive/texmf-dist/tex/latex/base/fontenc.sty
Package: fontenc 2005/09/27 v1.99g Standard LaTeX package

(/usr/share/texlive/texmf-dist/tex/latex/base/t1enc.def
File: t1enc.def 2005/09/27 v1.99g Standard LaTeX file
LaTeX Font Info:    Redeclaring font encoding T1 on input line 43.
)
LaTeX Font Info:    Try loading font information for T1+aer on input line 100.

(/usr/share/texlive/texmf-dist/tex/latex/ae/t1aer.fd
File: t1aer.fd 1997/11/16 Font definitions for T1/aer.
)))
(/usr/share/texlive/texmf-dist/tex/generic/xstring/xstring.sty
(/usr/share/texlive/texmf-dist/tex/generic/xstring/xstring.tex
\@xs@message=\write3
\integerpart=\count83
\decimalpart=\count84
)
Package: xstring 2013/10/13  v1.7c  String manipulations (C Tellechea)
)
(/usr/share/texlive/texmf-dist/tex/latex/etoolbox/etoolbox.sty
Package: etoolbox 2011/01/03 v2.1 e-TeX tools for LaTeX

(/usr/share/texlive/texmf-dist/tex/latex/etex-pkg/etex.sty
Package: etex 1998/03/26 v2.0 eTeX basic definition package (PEB)
\et@xins=\count85
)
\etb@tempcnta=\count86
)
(/usr/share/texlive/texmf-dist/tex/latex/pgf/frontendlayer/tikz.sty
(/usr/share/texlive/texmf-dist/tex/latex/pgf/basiclayer/pgf.sty
(/usr/share/texlive/texmf-dist/tex/latex/pgf/utilities/pgfrcs.sty
(/usr/share/texlive/texmf-dist/tex/generic/pgf/utilities/pgfutil-common.tex
\pgfutil@everybye=\toks16
\pgfutil@tempdima=\dimen104
\pgfutil@tempdimb=\dimen105

(/usr/share/texlive/texmf-dist/tex/generic/pgf/utilities/pgfutil-common-lists.t
ex)) (/usr/share/texlive/texmf-dist/tex/generic/pgf/utilities/pgfutil-latex.def
\pgfutil@abb=\box26
(/usr/share/texlive/texmf-dist/tex/latex/ms/everyshi.sty
Package: everyshi 2001/05/15 v3.00 EveryShipout Package (MS)
))
(/usr/share/texlive/texmf-dist/tex/generic/pgf/utilities/pgfrcs.code.tex
Package: pgfrcs 2013/12/20 v3.0.0 (rcs-revision 1.28)
))
Package: pgf 2013/12/18 v3.0.0 (rcs-revision 1.14)

(/usr/share/texlive/texmf-dist/tex/latex/pgf/basiclayer/pgfcore.sty
(/usr/share/texlive/texmf-dist/tex/latex/graphics/graphicx.sty
Package: graphicx 2014/04/25 v1.0g Enhanced LaTeX Graphics (DPC,SPQR)

(/usr/share/texlive/texmf-dist/tex/latex/graphics/graphics.sty
Package: graphics 2009/02/05 v1.0o Standard LaTeX Graphics (DPC,SPQR)

(/usr/share/texlive/texmf-dist/tex/latex/graphics/trig.sty
Package: trig 1999/03/16 v1.09 sin cos tan (DPC)
)
(/usr/share/texlive/texmf-dist/tex/latex/latexconfig/graphics.cfg
File: graphics.cfg 2010/04/23 v1.9 graphics configuration of TeX Live
)
Package graphics Info: Driver file: pdftex.def on input line 91.

(/usr/share/texlive/texmf-dist/tex/latex/pdftex-def/pdftex.def
File: pdftex.def 2011/05/27 v0.06d Graphics/color for pdfTeX

(/usr/share/texlive/texmf-dist/tex/generic/oberdiek/infwarerr.sty
Package: infwarerr 2010/04/08 v1.3 Providing info/warning/error messages (HO)
)
(/usr/share/texlive/texmf-dist/tex/generic/oberdiek/ltxcmds.sty
Package: ltxcmds 2011/11/09 v1.22 LaTeX kernel commands for general use (HO)
)
(/usr/share/texlive/texmf-dist/tex/generic/oberdiek/pdftexcmds.sty
Package: pdftexcmds 2011/11/29 v0.20 Utility functions of pdfTeX for LuaTeX (HO)


(/usr/share/texlive/texmf-dist/tex/generic/oberdiek/ifluatex.sty
Package: ifluatex 2010/03/01 v1.3 Provides the ifluatex switch (HO)
Package ifluatex Info: LuaTeX detected.
)
(/usr/share/texlive/texmf-dist/tex/generic/oberdiek/ifpdf.sty
Package: ifpdf 2011/01/30 v2.3 Provides the ifpdf switch (HO)
Package ifpdf Info: pdfTeX in PDF mode is detected.
)
Package pdftexcmds Info: \pdf@primitive is available.
Package pdftexcmds Info: \pdf@ifprimitive is available.
Package pdftexcmds Info: \pdfdraftmode found.

(/usr/share/texlive/texmf-dist/tex/generic/oberdiek/luatex-loader.sty
Package: luatex-loader 2010/03/09 v0.4 Lua module loader (HO)

(/usr/share/texlive/texmf-dist/scripts/oberdiek/oberdiek.luatex.lua))
\pdftexcmds@toks=\toks17
)
\Gread@gobject=\count87
))
\Gin@req@height=\dimen106
\Gin@req@width=\dimen107
)
(/usr/share/texlive/texmf-dist/tex/latex/pgf/systemlayer/pgfsys.sty
(/usr/share/texlive/texmf-dist/tex/generic/pgf/systemlayer/pgfsys.code.tex
Package: pgfsys 2013/11/30 v3.0.0 (rcs-revision 1.47)

(/usr/share/texlive/texmf-dist/tex/generic/pgf/utilities/pgfkeys.code.tex
\pgfkeys@pathtoks=\toks18
\pgfkeys@temptoks=\toks19

(/usr/share/texlive/texmf-dist/tex/generic/pgf/utilities/pgfkeysfiltered.code.t
ex
\pgfkeys@tmptoks=\toks20
))
\pgf@x=\dimen108
\pgf@y=\dimen109
\pgf@xa=\dimen110
\pgf@ya=\dimen111
\pgf@xb=\dimen112
\pgf@yb=\dimen113
\pgf@xc=\dimen114
\pgf@yc=\dimen115
\w@pgf@writea=\write4
\r@pgf@reada=\read1
\c@pgf@counta=\count88
\c@pgf@countb=\count89
\c@pgf@countc=\count90
\c@pgf@countd=\count91
\t@pgf@toka=\toks21
\t@pgf@tokb=\toks22
\t@pgf@tokc=\toks23
 (/usr/share/texlive/texmf-dist/tex/generic/pgf/systemlayer/pgf.cfg
File: pgf.cfg 2008/05/14  (rcs-revision 1.7)
)
Driver file for pgf: pgfsys-pdftex.def

(/usr/share/texlive/texmf-dist/tex/generic/pgf/systemlayer/pgfsys-pdftex.def
File: pgfsys-pdftex.def 2013/07/18  (rcs-revision 1.33)

(/usr/share/texlive/texmf-dist/tex/generic/pgf/systemlayer/pgfsys-common-pdf.de
f
File: pgfsys-common-pdf.def 2013/10/10  (rcs-revision 1.13)
)))
(/usr/share/texlive/texmf-dist/tex/generic/pgf/systemlayer/pgfsyssoftpath.code.
tex
File: pgfsyssoftpath.code.tex 2013/09/09  (rcs-revision 1.9)
\pgfsyssoftpath@smallbuffer@items=\count92
\pgfsyssoftpath@bigbuffer@items=\count93
)
(/usr/share/texlive/texmf-dist/tex/generic/pgf/systemlayer/pgfsysprotocol.code.
tex
File: pgfsysprotocol.code.tex 2006/10/16  (rcs-revision 1.4)
)) (/usr/share/texlive/texmf-dist/tex/latex/xcolor/xcolor.sty
Package: xcolor 2007/01/21 v2.11 LaTeX color extensions (UK)

(/usr/share/texlive/texmf-dist/tex/latex/latexconfig/color.cfg
File: color.cfg 2007/01/18 v1.5 color configuration of teTeX/TeXLive
)
Package xcolor Info: Driver file: pdftex.def on input line 225.
Package xcolor Info: Model `cmy' substituted by `cmy0' on input line 1337.
Package xcolor Info: Model `hsb' substituted by `rgb' on input line 1341.
Package xcolor Info: Model `RGB' extended on input line 1353.
Package xcolor Info: Model `HTML' substituted by `rgb' on input line 1355.
Package xcolor Info: Model `Hsb' substituted by `hsb' on input line 1356.
Package xcolor Info: Model `tHsb' substituted by `hsb' on input line 1357.
Package xcolor Info: Model `HSB' substituted by `hsb' on input line 1358.
Package xcolor Info: Model `Gray' substituted by `gray' on input line 1359.
Package xcolor Info: Model `wave' substituted by `hsb' on input line 1360.
)
(/usr/share/texlive/texmf-dist/tex/generic/pgf/basiclayer/pgfcore.code.tex
Package: pgfcore 2010/04/11 v3.0.0 (rcs-revision 1.7)

(/usr/share/texlive/texmf-dist/tex/generic/pgf/math/pgfmath.code.tex
(/usr/share/texlive/texmf-dist/tex/generic/pgf/math/pgfmathcalc.code.tex
(/usr/share/texlive/texmf-dist/tex/generic/pgf/math/pgfmathutil.code.tex)
(/usr/share/texlive/texmf-dist/tex/generic/pgf/math/pgfmathparser.code.tex
\pgfmath@dimen=\dimen116
\pgfmath@count=\count94
\pgfmath@box=\box27
\pgfmath@toks=\toks24
\pgfmath@stack@operand=\toks25
\pgfmath@stack@operation=\toks26
)
(/usr/share/texlive/texmf-dist/tex/generic/pgf/math/pgfmathfunctions.code.tex
(/usr/share/texlive/texmf-dist/tex/generic/pgf/math/pgfmathfunctions.basic.code
.tex)
(/usr/share/texlive/texmf-dist/tex/generic/pgf/math/pgfmathfunctions.trigonomet
ric.code.tex)
(/usr/share/texlive/texmf-dist/tex/generic/pgf/math/pgfmathfunctions.random.cod
e.tex)
(/usr/share/texlive/texmf-dist/tex/generic/pgf/math/pgfmathfunctions.comparison
.code.tex)
(/usr/share/texlive/texmf-dist/tex/generic/pgf/math/pgfmathfunctions.base.code.
tex)
(/usr/share/texlive/texmf-dist/tex/generic/pgf/math/pgfmathfunctions.round.code
.tex)
(/usr/share/texlive/texmf-dist/tex/generic/pgf/math/pgfmathfunctions.misc.code.
tex)
(/usr/share/texlive/texmf-dist/tex/generic/pgf/math/pgfmathfunctions.integerari
thmetics.code.tex)))
(/usr/share/texlive/texmf-dist/tex/generic/pgf/math/pgfmathfloat.code.tex
\c@pgfmathroundto@lastzeros=\count95
))
(/usr/share/texlive/texmf-dist/tex/generic/pgf/basiclayer/pgfcorepoints.code.te
x
File: pgfcorepoints.code.tex 2013/10/07  (rcs-revision 1.27)
\pgf@picminx=\dimen117
\pgf@picmaxx=\dimen118
\pgf@picminy=\dimen119
\pgf@picmaxy=\dimen120
\pgf@pathminx=\dimen121
\pgf@pathmaxx=\dimen122
\pgf@pathminy=\dimen123
\pgf@pathmaxy=\dimen124
\pgf@xx=\dimen125
\pgf@xy=\dimen126
\pgf@yx=\dimen127
\pgf@yy=\dimen128
\pgf@zx=\dimen129
\pgf@zy=\dimen130
)
(/usr/share/texlive/texmf-dist/tex/generic/pgf/basiclayer/pgfcorepathconstruct.
code.tex
File: pgfcorepathconstruct.code.tex 2013/10/07  (rcs-revision 1.29)
\pgf@path@lastx=\dimen131
\pgf@path@lasty=\dimen132
)
(/usr/share/texlive/texmf-dist/tex/generic/pgf/basiclayer/pgfcorepathusage.code
.tex
File: pgfcorepathusage.code.tex 2013/12/13  (rcs-revision 1.23)
\pgf@shorten@end@additional=\dimen133
\pgf@shorten@start@additional=\dimen134
)
(/usr/share/texlive/texmf-dist/tex/generic/pgf/basiclayer/pgfcorescopes.code.te
x
File: pgfcorescopes.code.tex 2013/10/09  (rcs-revision 1.44)
\pgfpic=\box28
\pgf@hbox=\box29
\pgf@layerbox@main=\box30
\pgf@picture@serial@count=\count96
)
(/usr/share/texlive/texmf-dist/tex/generic/pgf/basiclayer/pgfcoregraphicstate.c
ode.tex
File: pgfcoregraphicstate.code.tex 2013/09/19  (rcs-revision 1.11)
\pgflinewidth=\dimen135
)
(/usr/share/texlive/texmf-dist/tex/generic/pgf/basiclayer/pgfcoretransformation
s.code.tex
File: pgfcoretransformations.code.tex 2013/10/10  (rcs-revision 1.17)
\pgf@pt@x=\dimen136
\pgf@pt@y=\dimen137
\pgf@pt@temp=\dimen138
)
(/usr/share/texlive/texmf-dist/tex/generic/pgf/basiclayer/pgfcorequick.code.tex
File: pgfcorequick.code.tex 2008/10/09  (rcs-revision 1.3)
)
(/usr/share/texlive/texmf-dist/tex/generic/pgf/basiclayer/pgfcoreobjects.code.t
ex
File: pgfcoreobjects.code.tex 2006/10/11  (rcs-revision 1.2)
)
(/usr/share/texlive/texmf-dist/tex/generic/pgf/basiclayer/pgfcorepathprocessing
.code.tex
File: pgfcorepathprocessing.code.tex 2013/09/09  (rcs-revision 1.9)
)
(/usr/share/texlive/texmf-dist/tex/generic/pgf/basiclayer/pgfcorearrows.code.te
x
File: pgfcorearrows.code.tex 2013/11/07  (rcs-revision 1.40)
\pgfarrowsep=\dimen139
)
(/usr/share/texlive/texmf-dist/tex/generic/pgf/basiclayer/pgfcoreshade.code.tex
File: pgfcoreshade.code.tex 2013/07/15  (rcs-revision 1.15)
\pgf@max=\dimen140
\pgf@sys@shading@range@num=\count97
)
(/usr/share/texlive/texmf-dist/tex/generic/pgf/basiclayer/pgfcoreimage.code.tex
File: pgfcoreimage.code.tex 2013/07/15  (rcs-revision 1.18)

(/usr/share/texlive/texmf-dist/tex/generic/pgf/basiclayer/pgfcoreexternal.code.
tex
File: pgfcoreexternal.code.tex 2013/07/15  (rcs-revision 1.20)
\pgfexternal@startupbox=\box31
))
(/usr/share/texlive/texmf-dist/tex/generic/pgf/basiclayer/pgfcorelayers.code.te
x
File: pgfcorelayers.code.tex 2013/07/18  (rcs-revision 1.7)
)
(/usr/share/texlive/texmf-dist/tex/generic/pgf/basiclayer/pgfcoretransparency.c
ode.tex
File: pgfcoretransparency.code.tex 2013/09/30  (rcs-revision 1.5)
)
(/usr/share/texlive/texmf-dist/tex/generic/pgf/basiclayer/pgfcorepatterns.code.
tex
File: pgfcorepatterns.code.tex 2013/11/07  (rcs-revision 1.5)
)))
(/usr/share/texlive/texmf-dist/tex/generic/pgf/modules/pgfmoduleshapes.code.tex
File: pgfmoduleshapes.code.tex 2013/10/31  (rcs-revision 1.34)
\pgfnodeparttextbox=\box32
) (/usr/share/texlive/texmf-dist/tex/generic/pgf/modules/pgfmoduleplot.code.tex
File: pgfmoduleplot.code.tex 2013/07/31  (rcs-revision 1.12)
)
(/usr/share/texlive/texmf-dist/tex/latex/pgf/compatibility/pgfcomp-version-0-65
.sty
Package: pgfcomp-version-0-65 2007/07/03 v3.0.0 (rcs-revision 1.7)
\pgf@nodesepstart=\dimen141
\pgf@nodesepend=\dimen142
)
(/usr/share/texlive/texmf-dist/tex/latex/pgf/compatibility/pgfcomp-version-1-18
.sty
Package: pgfcomp-version-1-18 2007/07/23 v3.0.0 (rcs-revision 1.1)
)) (/usr/share/texlive/texmf-dist/tex/latex/pgf/utilities/pgffor.sty
(/usr/share/texlive/texmf-dist/tex/latex/pgf/utilities/pgfkeys.sty
(/usr/share/texlive/texmf-dist/tex/generic/pgf/utilities/pgfkeys.code.tex))
(/usr/share/texlive/texmf-dist/tex/latex/pgf/math/pgfmath.sty
(/usr/share/texlive/texmf-dist/tex/generic/pgf/math/pgfmath.code.tex))
(/usr/share/texlive/texmf-dist/tex/generic/pgf/utilities/pgffor.code.tex
Package: pgffor 2013/12/13 v3.0.0 (rcs-revision 1.25)

(/usr/share/texlive/texmf-dist/tex/generic/pgf/math/pgfmath.code.tex)
\pgffor@iter=\dimen143
\pgffor@skip=\dimen144
\pgffor@stack=\toks27
\pgffor@toks=\toks28
))
(/usr/share/texlive/texmf-dist/tex/generic/pgf/frontendlayer/tikz/tikz.code.tex
Package: tikz 2013/12/13 v3.0.0 (rcs-revision 1.142)

(/usr/share/texlive/texmf-dist/tex/generic/pgf/libraries/pgflibraryplothandlers
.code.tex
File: pgflibraryplothandlers.code.tex 2013/08/31 v3.0.0 (rcs-revision 1.20)
\pgf@plot@mark@count=\count98
\pgfplotmarksize=\dimen145
)
\tikz@lastx=\dimen146
\tikz@lasty=\dimen147
\tikz@lastxsaved=\dimen148
\tikz@lastysaved=\dimen149
\tikzleveldistance=\dimen150
\tikzsiblingdistance=\dimen151
\tikz@figbox=\box33
\tikz@figbox@bg=\box34
\tikz@tempbox=\box35
\tikz@tempbox@bg=\box36
\tikztreelevel=\count99
\tikznumberofchildren=\count100
\tikznumberofcurrentchild=\count101
\tikz@fig@count=\count102

(/usr/share/texlive/texmf-dist/tex/generic/pgf/modules/pgfmodulematrix.code.tex
File: pgfmodulematrix.code.tex 2013/09/17  (rcs-revision 1.8)
\pgfmatrixcurrentrow=\count103
\pgfmatrixcurrentcolumn=\count104
\pgf@matrix@numberofcolumns=\count105
)
\tikz@expandcount=\count106

(/usr/share/texlive/texmf-dist/tex/generic/pgf/frontendlayer/tikz/libraries/tik
zlibrarytopaths.code.tex
File: tikzlibrarytopaths.code.tex 2008/06/17 v3.0.0 (rcs-revision 1.2)
)))
(/usr/share/texlive/texmf-dist/tex/generic/pgf/frontendlayer/tikz/libraries/tik
zlibraryshapes.code.tex
File: tikzlibraryshapes.code.tex 2008/01/09 v3.0.0 (rcs-revision 1.1)

(/usr/share/texlive/texmf-dist/tex/generic/pgf/frontendlayer/tikz/libraries/tik
zlibraryshapes.geometric.code.tex
File: tikzlibraryshapes.geometric.code.tex 2008/01/09 v3.0.0 (rcs-revision 1.1)

(/usr/share/texlive/texmf-dist/tex/generic/pgf/libraries/shapes/pgflibraryshape
s.geometric.code.tex
File: pgflibraryshapes.geometric.code.tex 2008/06/26 v3.0.0 (rcs-revision 1.1)
))
(/usr/share/texlive/texmf-dist/tex/generic/pgf/frontendlayer/tikz/libraries/tik
zlibraryshapes.misc.code.tex
File: tikzlibraryshapes.misc.code.tex 2008/01/09 v3.0.0 (rcs-revision 1.1)

(/usr/share/texlive/texmf-dist/tex/generic/pgf/libraries/shapes/pgflibraryshape
s.misc.code.tex
File: pgflibraryshapes.misc.code.tex 2013/07/18 v3.0.0 (rcs-revision 1.5)
))
(/usr/share/texlive/texmf-dist/tex/generic/pgf/frontendlayer/tikz/libraries/tik
zlibraryshapes.symbols.code.tex
File: tikzlibraryshapes.symbols.code.tex 2008/01/09 v3.0.0 (rcs-revision 1.1)

(/usr/share/texlive/texmf-dist/tex/generic/pgf/libraries/shapes/pgflibraryshape
s.symbols.code.tex
File: pgflibraryshapes.symbols.code.tex 2013/09/11 v3.0.0 (rcs-revision 1.6)
))
(/usr/share/texlive/texmf-dist/tex/generic/pgf/frontendlayer/tikz/libraries/tik
zlibraryshapes.arrows.code.tex
File: tikzlibraryshapes.arrows.code.tex 2008/01/09 v3.0.0 (rcs-revision 1.1)

(/usr/share/texlive/texmf-dist/tex/generic/pgf/libraries/shapes/pgflibraryshape
s.arrows.code.tex
File: pgflibraryshapes.arrows.code.tex 2008/06/26 v3.0.0 (rcs-revision 1.1)
))
(/usr/share/texlive/texmf-dist/tex/generic/pgf/frontendlayer/tikz/libraries/tik
zlibraryshapes.callouts.code.tex
(/usr/share/texlive/texmf-dist/tex/generic/pgf/libraries/shapes/pgflibraryshape
s.callouts.code.tex))
(/usr/share/texlive/texmf-dist/tex/generic/pgf/frontendlayer/tikz/libraries/tik
zlibraryshapes.multipart.code.tex
File: tikzlibraryshapes.multipart.code.tex 2008/01/09 v3.0.0 (rcs-revision 1.1)

(/usr/share/texlive/texmf-dist/tex/generic/pgf/libraries/shapes/pgflibraryshape
s.multipart.code.tex
File: pgflibraryshapes.multipart.code.tex 2010/01/07 v3.0.0 (rcs-revision 1.2)
\pgfnodepartlowerbox=\box37
\pgfnodeparttwobox=\box38
\pgfnodepartthreebox=\box39
\pgfnodepartfourbox=\box40
\pgfnodeparttwentybox=\box41
\pgfnodepartnineteenbox=\box42
\pgfnodeparteighteenbox=\box43
\pgfnodepartseventeenbox=\box44
\pgfnodepartsixteenbox=\box45
\pgfnodepartfifteenbox=\box46
\pgfnodepartfourteenbox=\box47
\pgfnodepartthirteenbox=\box48
\pgfnodeparttwelvebox=\box49
\pgfnodepartelevenbox=\box50
\pgfnodeparttenbox=\box51
\pgfnodepartninebox=\box52
\pgfnodeparteightbox=\box53
\pgfnodepartsevenbox=\box54
\pgfnodepartsixbox=\box55
\pgfnodepartfivebox=\box56
)))
(/usr/share/texlive/texmf-dist/tex/generic/pgf/frontendlayer/tikz/libraries/tik
zlibrarydecorations.code.tex
(/usr/share/texlive/texmf-dist/tex/generic/pgf/modules/pgfmoduledecorations.cod
e.tex
\pgfdecoratedcompleteddistance=\dimen152
\pgfdecoratedremainingdistance=\dimen153
\pgfdecoratedinputsegmentcompleteddistance=\dimen154
\pgfdecoratedinputsegmentremainingdistance=\dimen155
\pgf@decorate@distancetomove=\dimen156
\pgf@decorate@repeatstate=\count107
\pgfdecorationsegmentamplitude=\dimen157
\pgfdecorationsegmentlength=\dimen158
)
\tikz@lib@dec@box=\box57
)
(/usr/share/texlive/texmf-dist/tex/generic/pgf/frontendlayer/tikz/libraries/tik
zlibraryshadows.code.tex
File: tikzlibraryshadows.code.tex 2008/01/13 v3.0.0 (rcs-revision 1.3)

(/usr/share/texlive/texmf-dist/tex/generic/pgf/frontendlayer/tikz/libraries/tik
zlibraryfadings.code.tex
File: tikzlibraryfadings.code.tex 2009/11/15 v3.0.0 (rcs-revision 1.2)

(/usr/share/texlive/texmf-dist/tex/generic/pgf/libraries/pgflibraryfadings.code
.tex
File: pgflibraryfadings.code.tex 2008/02/07 v3.0.0 (rcs-revision 1.3)
)))
(/usr/share/texlive/texmf-dist/tex/generic/pgf/frontendlayer/tikz/libraries/tik
zlibrarybackgrounds.code.tex
File: tikzlibrarybackgrounds.code.tex 2013/07/18 v3.0.0 (rcs-revision 1.3)
\pgf@layerbox@background=\box58
\pgf@layerboxsaved@background=\box59
)
(/usr/share/texlive/texmf-dist/tex/generic/pgf/frontendlayer/tikz/libraries/tik
zlibrarycalc.code.tex
File: tikzlibrarycalc.code.tex 2013/07/15 v3.0.0 (rcs-revision 1.9)
)
(/usr/share/texlive/texmf-dist/tex/generic/pgf/frontendlayer/tikz/libraries/tik
zlibraryfit.code.tex
File: tikzlibraryfit.code.tex 2013/07/12 v3.0.0 (rcs-revision 1.5)
)
(/usr/share/texlive/texmf-dist/tex/generic/pgf/frontendlayer/tikz/libraries/tik
zlibrarydecorations.pathmorphing.code.tex
(/usr/share/texlive/texmf-dist/tex/generic/pgf/libraries/decorations/pgflibrary
decorations.pathmorphing.code.tex))
(/usr/share/texlive/texmf-dist/tex/generic/pgf/libraries/pgflibraryarrows.code.
tex
File: pgflibraryarrows.code.tex 2013/09/23 v3.0.0 (rcs-revision 1.16)
\arrowsize=\dimen159
)
\TP@innermargin=\dimen160
\TP@visibletextwidth=\dimen161
\TP@visibletextheight=\dimen162
\TP@titlewidth=\dimen163
\titlewidth=\dimen164
\TP@titlelinewidth=\dimen165
\titlelinewidth=\dimen166
\titleinnersep=\dimen167
\TP@titleinnersep=\dimen168
\TP@titletotopverticalspace=\dimen169
\titletotopverticalspace=\dimen170
\TP@titletoblockverticalspace=\dimen171
\TP@titleheight=\dimen172
\titleheight=\dimen173
\titlegraphicheight=\dimen174
\titleposleft=\dimen175
\titleposright=\dimen176
\titlepostop=\dimen177
\titleposbottom=\dimen178
\TP@titlegraphictotitledistance=\dimen179
\TP@colspace=\dimen180
\TP@coltop=\dimen181
\TP@colbottom=\dimen182
\TP@colcenter=\dimen183
\colwidth=\dimen184
\TP@subcolspace=\dimen185
\TP@subcoltop=\dimen186
\TP@subcolbottom=\dimen187
\TP@subcolcenter=\dimen188
\subcolwidth=\dimen189
\TP@blockverticalspace=\dimen190
\TP@blockcenter=\dimen191
\TP@blocktitleinnersep=\dimen192
\blocktitleinnersep=\dimen193
\TP@blockbodyinnersep=\dimen194
\blockbodyinnersep=\dimen195
\TP@blocktitlebox=\box60
\TP@blockbodybox=\box61
\TP@blocktitlewidth=\dimen196
\TP@blockbodywidth=\dimen197
\TP@blockbodyheight=\dimen198
\TP@blocktitleheight=\dimen199
\TP@blocktop=\dimen200
\TP@blocktitleoffsetx=\dimen201
\TP@blocktitleoffsety=\dimen202
\TP@blockbodyoffsetx=\dimen203
\TP@blockbodyoffsety=\dimen204
\TP@blockbodyverticalshift=\dimen205
\blocklinewidth=\dimen206
\TP@innerblockcenter=\dimen207
\TP@innerblocktitleinnersep=\dimen208
\innerblocktitleinnersep=\dimen209
\TP@innerblockbodyinnersep=\dimen210
\innerblockbodyinnersep=\dimen211
\TP@innerblocktitlebox=\box62
\TP@innerblockbodybox=\box63
\TP@innerblocktitlewidth=\dimen212
\TP@innerblockbodywidth=\dimen213
\TP@innerblockbodyheight=\dimen214
\TP@innerblocktitleheight=\dimen215
\TP@innerblocktitleoffsetx=\dimen216
\TP@innerblocktitleoffsety=\dimen217
\TP@innerblockbodyoffsetx=\dimen218
\TP@innerblockbodyoffsety=\dimen219
\TP@innerblockbodyverticalshift=\dimen220
\innerblocklinewidth=\dimen221
\TP@coloredbox=\box64
\TP@coloredboxwidth=\dimen222
\TP@coloredboxlinewidth=\dimen223
\TP@coloredboxinnersep=\dimen224
\TP@coloredboxheight=\dimen225
\TP@noteinnersep=\dimen226
\noteinnersep=\dimen227
\TP@notetargetoffsetx=\dimen228
\TP@notetargetoffsety=\dimen229
\TP@noteradius=\dimen230
\TP@notewidth=\dimen231
\TP@noteheight=\dimen232
\TP@notebox=\box65
\notelinewidth=\dimen233
 (/usr/share/texlive/texmf-dist/tex/latex/extsizes/extarticle.cls
Document Class: extarticle 1996/10/08 v1.0 Non Standard LaTeX document class
(/usr/share/texlive/texmf-dist/tex/latex/base/size10.clo
File: size10.clo 2014/09/29 v1.4h Standard LaTeX file (size option)
)
(/usr/share/texlive/texmf-dist/tex/latex/base/exscale.sty
Package: exscale 2014/09/29 v2.1h Standard LaTeX package exscale
LaTeX Font Info:    Redeclaring symbol font `largesymbols' on input line 52.
LaTeX Font Info:    Overwriting symbol font `largesymbols' in version `normal'
(Font)                  OMX/cmex/m/n --> OMX/cmex/m/n on input line 52.
LaTeX Font Info:    Overwriting symbol font `largesymbols' in version `bold'
(Font)                  OMX/cmex/m/n --> OMX/cmex/m/n on input line 52.
Normal \dimen register pool exhausted, switching to extended pool.
\big@size=\dimen256
)
\c@part=\count108
\c@section=\count109
\c@subsection=\count110
\c@subsubsection=\count111
\c@paragraph=\count112
\c@subparagraph=\count113
\c@figure=\count114
\c@table=\count115
\abovecaptionskip=\skip44
\belowcaptionskip=\skip45
\bibindent=\dimen257
)
(/usr/share/texlive/texmf-dist/tex/latex/geometry/geometry.sty
Package: geometry 2010/09/12 v5.6 Page Geometry

(/usr/share/texlive/texmf-dist/tex/generic/oberdiek/ifvtex.sty
Package: ifvtex 2010/03/01 v1.5 Detect VTeX and its facilities (HO)
Package ifvtex Info: VTeX not detected.
)
(/usr/share/texlive/texmf-dist/tex/generic/ifxetex/ifxetex.sty
Package: ifxetex 2010/09/12 v0.6 Provides ifxetex conditional
)
\Gm@cnth=\count116
\Gm@cntv=\count117
\c@Gm@tempcnt=\count118
\Gm@bindingoffset=\dimen258
\Gm@wd@mp=\dimen259
\Gm@odd@mp=\dimen260
\Gm@even@mp=\dimen261
\Gm@layoutwidth=\dimen262
\Gm@layoutheight=\dimen263
\Gm@layouthoffset=\dimen264
\Gm@layoutvoffset=\dimen265
\Gm@dimlist=\toks29
)
(/usr/share/texlive/texmf-dist/tex/latex/a0poster/a0size.sty
File: a0size.sty 2004/01/31 v1.22b a0poster class (GK, MW)
LaTeX Font Info:    Redeclaring symbol font `largesymbols' on input line 229.
LaTeX Font Info:    Overwriting symbol font `largesymbols' in version `normal'
(Font)                  OMX/cmex/m/n --> OMX/cmex/m/n on input line 229.
LaTeX Font Info:    Overwriting symbol font `largesymbols' in version `bold'
(Font)                  OMX/cmex/m/n --> OMX/cmex/m/n on input line 229.
\big@size=\dimen266
)
\pgf@layerbox@backgroundlayer=\box66
\pgf@layerboxsaved@backgroundlayer=\box67
\pgf@layerbox@notelayer=\box68
\pgf@layerboxsaved@notelayer=\box69

(/usr/share/texlive/texmf-dist/tex/latex/tikzposter/tikzposterColorpalettes.tex
) (/usr/share/texlive/texmf-dist/tex/latex/tikzposter/tikzposterColorstyles.tex
)
(/usr/share/texlive/texmf-dist/tex/latex/tikzposter/tikzposterBackgroundstyles.
tex)
(/usr/share/texlive/texmf-dist/tex/latex/tikzposter/tikzposterTitlestyles.tex)
(/usr/share/texlive/texmf-dist/tex/latex/tikzposter/tikzposterBlockstyles.tex)
(/usr/share/texlive/texmf-dist/tex/latex/tikzposter/tikzposterInnerblockstyles.
tex)
(/usr/share/texlive/texmf-dist/tex/latex/tikzposter/tikzposterNotestyles.tex)
(/usr/share/texlive/texmf-dist/tex/latex/tikzposter/tikzposterLayoutthemes.tex)
\c@figurecounter=\count119
) (/usr/share/texlive/texmf-dist/tex/latex/fontspec/fontspec.sty
Package: fontspec 2014/06/21 v2.4a Font selection for XeLaTeX and LuaLaTeX

(/usr/share/texlive/texmf-dist/tex/latex/l3kernel/expl3.sty
Package: expl3 2014/09/15 v5423 L3 programming layer (loader) 

(/usr/share/texlive/texmf-dist/tex/latex/l3kernel/expl3-code.tex
Package: expl3 2014/09/15 v5423 L3 programming layer (code) 
L3 Module: l3bootstrap 2014/08/23 v5354 L3 Bootstrap code
L3 Module: l3names 2014/08/22 v5343 L3 Namespace for primitives
L3 Module: l3basics 2014/08/24 v5364 L3 Basic definitions
L3 Module: l3expan 2014/08/22 v5349 L3 Argument expansion
L3 Module: l3tl 2014/08/24 v5359 L3 Token lists
L3 Module: l3str 2014/08/24 v5368 L3 Strings
L3 Module: l3seq 2014/08/23 v5354 L3 Sequences and stacks
L3 Module: l3int 2014/09/14 v5421 L3 Integers
\c_max_int=\count120
\l_tmpa_int=\count121
\l_tmpb_int=\count122
\g_tmpa_int=\count123
\g_tmpb_int=\count124
L3 Module: l3quark 2014/08/23 v5354 L3 Quarks
L3 Module: l3prg 2014/08/23 v5354 L3 Control structures
\g__prg_map_int=\count125
L3 Module: l3clist 2014/08/23 v5354 L3 Comma separated lists
L3 Module: l3token 2014/09/15 v5422 L3 Experimental token manipulation
L3 Module: l3prop 2014/08/23 v5354 L3 Property lists
L3 Module: l3msg 2014/08/24 v5358 L3 Messages
L3 Module: l3file 2014/08/24 v5369 L3 File and I/O operations
\l_iow_line_count_int=\count126
\l__iow_target_count_int=\count127
\l__iow_current_line_int=\count128
\l__iow_current_word_int=\count129
\l__iow_current_indentation_int=\count130
L3 Module: l3skip 2014/08/23 v5354 L3 Dimensions and skips
\c_zero_dim=\dimen267
\c_max_dim=\dimen268
\l_tmpa_dim=\dimen269
\l_tmpb_dim=\dimen270
\g_tmpa_dim=\dimen271
\g_tmpb_dim=\dimen272
\c_zero_skip=\skip46
\c_max_skip=\skip47
\l_tmpa_skip=\skip48
\l_tmpb_skip=\skip49
\g_tmpa_skip=\skip50
\g_tmpb_skip=\skip51
\c_zero_muskip=\muskip10
\c_max_muskip=\muskip11
\l_tmpa_muskip=\muskip12
\l_tmpb_muskip=\muskip13
\g_tmpa_muskip=\muskip14
\g_tmpb_muskip=\muskip15
L3 Module: l3keys 2014/08/23 v5354 L3 Key-value interfaces
\g__keyval_level_int=\count131
\l_keys_choice_int=\count132
L3 Module: l3fp 2014/08/22 v5336 L3 Floating points
\c__fp_leading_shift_int=\count133
\c__fp_middle_shift_int=\count134
\c__fp_trailing_shift_int=\count135
\c__fp_big_leading_shift_int=\count136
\c__fp_big_middle_shift_int=\count137
\c__fp_big_trailing_shift_int=\count138
\c__fp_Bigg_leading_shift_int=\count139
\c__fp_Bigg_middle_shift_int=\count140
\c__fp_Bigg_trailing_shift_int=\count141
L3 Module: l3box 2014/08/23 v5354 L3 Experimental boxes
\c_empty_box=\box70
\l_tmpa_box=\box71
\l_tmpb_box=\box72
\g_tmpa_box=\box73
\g_tmpb_box=\box74
L3 Module: l3coffins 2014/08/23 v5354 L3 Coffin code layer
\l__coffin_internal_box=\box75
\l__coffin_internal_dim=\dimen273
\l__coffin_offset_x_dim=\dimen274
\l__coffin_offset_y_dim=\dimen275
\l__coffin_x_dim=\dimen276
\l__coffin_y_dim=\dimen277
\l__coffin_x_prime_dim=\dimen278
\l__coffin_y_prime_dim=\dimen279
\c_empty_coffin=\box76
\l__coffin_aligned_coffin=\box77
\l__coffin_aligned_internal_coffin=\box78
\l_tmpa_coffin=\box79
\l_tmpb_coffin=\box80
\l__coffin_display_coffin=\box81
\l__coffin_display_coord_coffin=\box82
\l__coffin_display_pole_coffin=\box83
\l__coffin_display_offset_dim=\dimen280
\l__coffin_display_x_dim=\dimen281
\l__coffin_display_y_dim=\dimen282
L3 Module: l3color 2014/08/23 v5354 L3 Experimental color support
L3 Module: l3candidates 2014/08/24 v5366 L3 Experimental additions to l3kernel
\l__box_top_dim=\dimen283
\l__box_bottom_dim=\dimen284
\l__box_left_dim=\dimen285
\l__box_right_dim=\dimen286
\l__box_top_new_dim=\dimen287
\l__box_bottom_new_dim=\dimen288
\l__box_left_new_dim=\dimen289
\l__box_right_new_dim=\dimen290
\l__box_internal_box=\box84
\l__coffin_bounding_shift_dim=\dimen291
\l__coffin_left_corner_dim=\dimen292
\l__coffin_right_corner_dim=\dimen293
\l__coffin_bottom_corner_dim=\dimen294
\l__coffin_top_corner_dim=\dimen295
\l__coffin_scaled_total_height_dim=\dimen296
\l__coffin_scaled_width_dim=\dimen297
)
(/usr/share/texlive/texmf-dist/tex/latex/l3kernel/l3unicode-data.def
File: l3unicode-data.def 2014/08/12 v5276 L3 Unicode data
)
(/usr/share/texlive/texmf-dist/tex/latex/l3kernel/l3pdfmode.def
File: l3pdfmode.def 2014/08/24 v5366 L3 Experimental driver: PDF mode
\l__driver_color_stack_int=\count142
))
(/usr/share/texlive/texmf-dist/tex/latex/l3packages/xparse/xparse.sty
Package: xparse 2014/09/15 v5423 L3 Experimental document command parser
\l__xparse_current_arg_int=\count143
\l__xparse_m_args_int=\count144
\l__xparse_mandatory_args_int=\count145
\l__xparse_processor_int=\count146
\l__xparse_v_nesting_int=\count147
)
(/usr/share/texlive/texmf-dist/tex/luatex/luaotfload/luaotfload.sty
Package: luaotfload 2014/08/10 v2.5-4 OpenType layout system

(/usr/share/texlive/texmf-dist/tex/luatex/luatexbase/luatexbase.sty
Package: luatexbase 2013/05/11 v0.6 Resource management for the LuaTeX macro pro
grammer

(/usr/share/texlive/texmf-dist/tex/generic/oberdiek/luatex.sty
Package: luatex 2010/03/09 v0.4 LuaTeX basic definition package (HO)
\LuT@AllocAttribute=\count277
\LuT@AllocCatcodeTable=\count278
\CatcodeTableStack=\count279
\CatcodeTableIniTeX=\catcodetable1
\CatcodeTableString=\catcodetable3
\CatcodeTableOther=\catcodetable5
\CatcodeTableLaTeX=\catcodetable7
)
(/usr/share/texlive/texmf-dist/tex/luatex/luatexbase/luatexbase-compat.sty
Package: luatexbase-compat 2011/05/24 v0.4 Compatibility tools for LuaTeX
)
(/usr/share/texlive/texmf-dist/tex/luatex/luatexbase/luatexbase-modutils.sty
Package: luatexbase-modutils 2013/05/11 v0.6 Module utilities for LuaTeX

(/usr/share/texlive/texmf-dist/tex/luatex/luatexbase/luatexbase-loader.sty
Package: luatexbase-loader 2013/05/11 v0.6 Lua module loader for LuaTeX

(/usr/share/texlive/texmf-dist/tex/luatex/luatexbase/luatexbase.loader.lua))
(/usr/share/texlive/texmf-dist/tex/luatex/luatexbase/modutils.lua)
Lua module: luatexbase-modutils 2013/05/11 0.6 Module utilities for LuaTeX
)
(/usr/share/texlive/texmf-dist/tex/luatex/luatexbase/luatexbase-regs.sty
Package: luatexbase-regs 2011/05/24 v0.4 Registers allocation for LuaTeX
)
(/usr/share/texlive/texmf-dist/tex/luatex/luatexbase/luatexbase-attr.sty
Package: luatexbase-attr 2013/05/11 v0.6 Attributes allocation for LuaTeX

(/usr/share/texlive/texmf-dist/tex/luatex/luatexbase/attr.lua)
Lua module: luatexbase-attr 2013/05/11 0.6 Attributes allocation for LuaTeX
\lltxb@attr@unsetvalue=\count280
)
(/usr/share/texlive/texmf-dist/tex/luatex/luatexbase/luatexbase-cctb.sty
Package: luatexbase-cctb 2013/05/11 v0.6 Catcodetable allocation for LuaTeX

(/usr/share/texlive/texmf-dist/tex/luatex/luatexbase/cctb.lua)
Lua module: luatexbase-cctb 2013/05/11 0.6 Catcodetable allocation for LuaTeX
\lltxb@catcodetable@alloc=\count281
\CatcodeTableStack=\count282
\CatcodeTableIniTeX=\luatexcatcodetable1
\CatcodeTableString=\luatexcatcodetable3
\CatcodeTableOther=\luatexcatcodetable5
\CatcodeTableLaTeX=\luatexcatcodetable7
\CatcodeTableLaTeXAtLetter=\luatexcatcodetable9
\CatcodeTableExpl=\luatexcatcodetable11
)
(/usr/share/texlive/texmf-dist/tex/luatex/luatexbase/luatexbase-mcb.sty
Package: luatexbase-mcb 2013/05/11 v0.6 Callback management for LuaTeX

(/usr/share/texlive/texmf-dist/tex/luatex/luatexbase/mcb.lua)
Lua module: luatexbase-mcb 2013/05/11 0.6 register several functions in a callba
ck
))
(/usr/share/texlive/texmf-dist/tex/luatex/luaotfload/luaotfload-main.lua)
Lua module: luaotfload-main 2014/08/10 2.50003 OpenType layout system.

(/usr/share/texlive/texmf-dist/tex/luatex/luaotfload/luaotfload-log.lua)
(/usr/share/texlive/texmf-dist/tex/luatex/luaotfload/luaotfload-fontloader.lua)(
using write cache: /home/bas/.texmf-var/luatex-cache/generic)(using read cache: 
/var/lib/texmf/luatex-cache/generic /home/bas/.texmf-var/luatex-cache/generic)
luatexbase-attr: luatexbase.attributes["luaotfload@kernpair"] = 1
luatexbase-attr: luatexbase.attributes["luaotfload@ligacomp"] = 2
luatexbase-attr: luatexbase.attributes["luaotfload@markbase"] = 3
luatexbase-attr: luatexbase.attributes["luaotfload@markmark"] = 4
luatexbase-attr: luatexbase.attributes["luaotfload@markdone"] = 5
luatexbase-attr: luatexbase.attributes["luaotfload@cursbase"] = 6
luatexbase-attr: luatexbase.attributes["luaotfload@curscurs"] = 7
luatexbase-attr: luatexbase.attributes["luaotfload@cursdone"] = 8
luatexbase-attr: luatexbase.attributes["luaotfload@state"] = 9
luaotfload | main : fontloader loaded in 0.017 seconds
luatexbase-mcb: inserting 'luaotfload.node_processor'
at position 1 in 'pre_linebreak_filter'
luatexbase-mcb: inserting 'luaotfload.node_processor'
at position 1 in 'hpack_filter'
luatexbase-mcb: inserting 'luaotfload.find_vf_file'
at position 1 in 'find_vf_file'
(/usr/share/texlive/texmf-dist/tex/luatex/luaotfload/luaotfload-override.lua)
(/usr/share/texlive/texmf-dist/tex/luatex/luaotfload/luaotfload-parsers.lua)
(/usr/share/texlive/texmf-dist/tex/luatex/luaotfload/luaotfload-configuration.lu
a)
(/usr/share/texlive/texmf-dist/tex/luatex/luaotfload/luaotfload-status.lua)
luaotfload | conf : Root cache directory is /home/bas/.texmf-var/luatex-cache/ge
neric/names.
(/usr/share/texlive/texmf-dist/tex/luatex/luaotfload/luaotfload-loaders.lua)
(/usr/share/texlive/texmf-dist/tex/luatex/luaotfload/luaotfload-database.lua)
(/usr/share/texlive/texmf-dist/tex/luatex/luaotfload/luaotfload-colors.lua)
luaotfload | conf : Root cache directory is /home/bas/.texmf-var/luatex-cache/ge
neric/names.
luatexbase-mcb: creating 'luaotfload.resolve_font' type 4
luatexbase-mcb: creating 'luaotfload.patch_font' type 4
luatexbase-mcb: resetting callback 'define_font'
luatexbase-mcb: inserting 'luaotfload.define_font'
at position 1 in 'define_font'
(/usr/share/texlive/texmf-dist/tex/luatex/luaotfload/luaotfload-features.lua)
(/usr/share/texlive/texmf-dist/tex/luatex/luaotfload/luaotfload-letterspace.lua)
(/usr/share/texlive/texmf-dist/tex/luatex/luaotfload/luaotfload-auxiliary.lua)
luatexbase-mcb: inserting 'luaotfload.aux.set_sscale_dimens'
at position 1 in 'luaotfload.patch_font'
luatexbase-mcb: inserting 'luaotfload.aux.patch_cambria_domh'
at position 2 in 'luaotfload.patch_font'
luatexbase-mcb: inserting 'luaotfload.aux.set_capheight'
at position 3 in 'luaotfload.patch_font'
luatexbase-mcb: inserting 'luaotfload.rewrite_fontname'
at position 4 in 'luaotfload.patch_font')
(/usr/share/texlive/texmf-dist/tex/latex/fontspec/fontspec.lua)
Lua module: fontspec 2013/05/20 2.3c Advanced font selection for LuaLaTeX.
\l_fontspec_script_int=\count283
\l_fontspec_language_int=\count284
\l_fontspec_strnum_int=\count285
\l__fontspec_tmpa_dim=\dimen298
\l__fontspec_tmpb_dim=\dimen299
\l__fontspec_tmpc_dim=\dimen300
Variant \tl_gset:cV already defined; not changing it on line 71

(/usr/share/texlive/texmf-dist/tex/latex/fontspec/fontspec-patches.sty
Package: fontspec-patches 2014/06/21 v2.4a Font selection for XeLaTeX and LuaLaT
eX
LaTeX Info: Redefining \em on input line 38.
LaTeX Info: Redefining \emph on input line 46.
LaTeX Info: Redefining \- on input line 49.
.................................................
. LaTeX info: "xparse/redefine-command"
. 
. Redefining command \oldstylenums with sig. 'm' on line 144.
.................................................
.................................................
. LaTeX info: "xparse/define-command"
. 
. Defining command \liningnums with sig. 'm' on line 148.
.................................................
)
(/usr/share/texlive/texmf-dist/tex/latex/fontspec/fontspec-luatex.sty
Package: fontspec-luatex 2014/06/21 v2.4a Font selection for XeLaTeX and LuaLaTe
X

(/usr/share/texlive/texmf-dist/tex/latex/base/fontenc.sty
Package: fontenc 2005/09/27 v1.99g Standard LaTeX package

(/usr/share/texlive/texmf-dist/tex/latex/euenc/eu2enc.def
File: eu2enc.def 2010/05/27 v0.1h Experimental Unicode font encodings
)
LaTeX Font Info:    Try loading font information for EU2+lmr on input line 100.

(/usr/share/texlive/texmf-dist/tex/latex/euenc/eu2lmr.fd
File: eu2lmr.fd 2009/10/30 v1.6 Font defs for Latin Modern
)
luaotfload | db : Font names database loaded from /home/bas/.texmf-var/luatex-ca
che/generic/names/luaotfload-names.luc(compiling luc: /var/lib/texmf/luatex-cach
e/generic/fonts/otf/lmroman10-regular.luc)(load luc: /home/bas/.texmf-var/luatex
-cache/generic/fonts/otf/lmroman10-regular.luc))
(/usr/share/texlive/texmf-dist/tex/xelatex/xunicode/xunicode.sty
File: xunicode.sty 2011/09/09 v0.981 provides access to latin accents and many o
ther characters in Unicode lower plane

(/usr/share/texmf/tex/latex/tipa/t3enc.def
File: t3enc.def 2001/12/31 T3 encoding
(compiling luc: /var/lib/texmf/luatex-cache/generic/fonts/otf/lmromanslant10-reg
ular.luc)(load luc: /home/bas/.texmf-var/luatex-cache/generic/fonts/otf/lmromans
lant10-regular.luc)(compiling luc: /var/lib/texmf/luatex-cache/generic/fonts/otf
/lmroman10-italic.luc)(load luc: /home/bas/.texmf-var/luatex-cache/generic/fonts
/otf/lmroman10-italic.luc)(compiling luc: /var/lib/texmf/luatex-cache/generic/fo
nts/otf/lmroman10-bold.luc)(load luc: /home/bas/.texmf-var/luatex-cache/generic/
fonts/otf/lmroman10-bold.luc)
LaTeX Font Info:    Try loading font information for EU2+lmss on input line 357.


(/usr/share/texlive/texmf-dist/tex/latex/euenc/eu2lmss.fd
File: eu2lmss.fd 2009/10/30 v1.6 Font defs for Latin Modern
)(compiling luc: /var/lib/texmf/luatex-cache/generic/fonts/otf/lmsans10-regular.
luc)(load luc: /home/bas/.texmf-var/luatex-cache/generic/fonts/otf/lmsans10-regu
lar.luc))
\tipaTiiicode=\count286
\tipasavetokens=\toks30
\tipachecktokens=\toks31
)
.................................................
. LaTeX info: "xparse/define-command"
. 
. Defining command \fontspec with sig. 'O{}mO{}' on line 44.
.................................................
.................................................
. LaTeX info: "xparse/define-command"
. 
. Defining command \setmainfont with sig. 'O{}mO{}' on line 50.
.................................................
.................................................
. LaTeX info: "xparse/define-command"
. 
. Defining command \setsansfont with sig. 'O{}mO{}' on line 56.
.................................................
.................................................
. LaTeX info: "xparse/define-command"
. 
. Defining command \setmonofont with sig. 'O{}mO{}' on line 62.
.................................................
.................................................
. LaTeX info: "xparse/define-command"
. 
. Defining command \setmathrm with sig. 'O{}mO{}' on line 71.
.................................................
.................................................
. LaTeX info: "xparse/define-command"
. 
. Defining command \setboldmathrm with sig. 'O{}mO{}' on line 75.
.................................................
.................................................
. LaTeX info: "xparse/define-command"
. 
. Defining command \setmathsf with sig. 'O{}mO{}' on line 79.
.................................................
.................................................
. LaTeX info: "xparse/define-command"
. 
. Defining command \setmathtt with sig. 'O{}mO{}' on line 83.
.................................................
.................................................
. LaTeX info: "xparse/define-command"
. 
. Defining command \newfontfamily with sig. 'mO{}mO{}' on line 102.
.................................................
.................................................
. LaTeX info: "xparse/define-command"
. 
. Defining command \newfontface with sig. 'mO{}mO{}' on line 106.
.................................................
.................................................
. LaTeX info: "xparse/define-command"
. 
. Defining command \defaultfontfeatures with sig. 't+om' on line 115.
.................................................
.................................................
. LaTeX info: "xparse/define-command"
. 
. Defining command \addfontfeatures with sig. 'm' on line 173.
.................................................
.................................................
. LaTeX info: "xparse/define-command"
. 
. Defining command \newfontfeature with sig. 'mm' on line 184.
.................................................
.................................................
. LaTeX info: "xparse/define-command"
. 
. Defining command \newAATfeature with sig. 'mmmm' on line 192.
.................................................
.................................................
. LaTeX info: "xparse/define-command"
. 
. Defining command \newopentypefeature with sig. 'mmm' on line 200.
.................................................
.................................................
. LaTeX info: "xparse/define-command"
. 
. Defining command \aliasfontfeature with sig. 'mm' on line 229.
.................................................
.................................................
. LaTeX info: "xparse/define-command"
. 
. Defining command \aliasfontfeatureoption with sig. 'mmm' on line 231.
.................................................
.................................................
. LaTeX info: "xparse/define-command"
. 
. Defining command \newfontscript with sig. 'mm' on line 236.
.................................................
.................................................
. LaTeX info: "xparse/define-command"
. 
. Defining command \newfontlanguage with sig. 'mm' on line 262.
.................................................
.................................................
. LaTeX info: "xparse/define-command"
. 
. Defining command \DeclareFontsExtensions with sig. 'm' on line 282.
.................................................
Variant \prop_gput:cnV already defined; not changing it on line 666
Variant \prop_gput:cnx already defined; not changing it on line 667
\l__fontspec_tmp_int=\count287
LaTeX Info: Redefining \itshape on input line 2117.
LaTeX Info: Redefining \slshape on input line 2122.
LaTeX Info: Redefining \scshape on input line 2127.
LaTeX Info: Redefining \upshape on input line 2132.

(/usr/share/texlive/texmf-dist/tex/latex/fontspec/fontspec.cfg)))
(/usr/share/texlive/texmf-dist/tex/latex/preprint/authblk.sty
Package: authblk 2001/02/27 1.3 (PWD)
\affilsep=\skip256
\@affilsep=\skip257
\c@Maxaffil=\count288
\c@authors=\count289
\c@affil=\count290
)
(/usr/share/texlive/texmf-dist/tex/latex/amsmath/amsmath.sty
Package: amsmath 2013/01/14 v2.14 AMS math features
\@mathmargin=\skip258

For additional information on amsmath, use the `?' option.
(/usr/share/texlive/texmf-dist/tex/latex/amsmath/amstext.sty
Package: amstext 2000/06/29 v2.01

(/usr/share/texlive/texmf-dist/tex/latex/amsmath/amsgen.sty
File: amsgen.sty 1999/11/30 v2.0
\@emptytoks=\toks32
\ex@=\dimen301
))
(/usr/share/texlive/texmf-dist/tex/latex/amsmath/amsbsy.sty
Package: amsbsy 1999/11/29 v1.2d
\pmbraise@=\dimen302
)
(/usr/share/texlive/texmf-dist/tex/latex/amsmath/amsopn.sty
Package: amsopn 1999/12/14 v2.01 operator names
)
\inf@bad=\count291
LaTeX Info: Redefining \frac on input line 210.
\uproot@=\count292
\leftroot@=\count293
LaTeX Info: Redefining \overline on input line 306.
\classnum@=\count294
\DOTSCASE@=\count295
LaTeX Info: Redefining \ldots on input line 378.
LaTeX Info: Redefining \dots on input line 381.
LaTeX Info: Redefining \cdots on input line 466.
\Mathstrutbox@=\box256
\strutbox@=\box257
\big@size=\dimen303
LaTeX Font Info:    Redeclaring font encoding OML on input line 566.
LaTeX Font Info:    Redeclaring font encoding OMS on input line 567.
\macc@depth=\count296
\c@MaxMatrixCols=\count297
\dotsspace@=\muskip16
\c@parentequation=\count298
\dspbrk@lvl=\count299
\tag@help=\toks33
\row@=\count300
\column@=\count301
\maxfields@=\count302
\andhelp@=\toks34
\eqnshift@=\dimen304
\alignsep@=\dimen305
\tagshift@=\dimen306
\tagwidth@=\dimen307
\totwidth@=\dimen308
\lineht@=\dimen309
\@envbody=\toks35
\multlinegap=\skip259
\multlinetaggap=\skip260
\mathdisplay@stack=\toks36
LaTeX Info: Redefining \[ on input line 2665.
LaTeX Info: Redefining \] on input line 2666.
)
(./fontfile28pt.clo
File: fontfile28pt.clo 2015/05/18 generated font size class option (28pt)
(compiling luc: /var/lib/texmf/luatex-cache/generic/fonts/otf/lmroman17-regular.
luc)(load luc: /home/bas/.texmf-var/luatex-cache/generic/fonts/otf/lmroman17-reg
ular.luc))
\g__file_internal_ior=\read2
luaotfload | cache : Lookup cache loaded from /home/bas/.texmf-var/luatex-cache/
generic/names/luaotfload-lookup-cache.luc.
luaotfload | load : Lookup/name: "Ubuntu" -> "Ubuntu-R.ttf"(compiling luc: /var/
lib/texmf/luatex-cache/generic/fonts/otf/ubuntu-r.luc)(compiling luc: /home/bas/
.texmf-var/luatex-cache/generic/fonts/otf/ubuntu-r.luc)(save: /home/bas/.texmf-v
ar/luatex-cache/generic/fonts/otf/ubuntu-r.lua)(save: /home/bas/.texmf-var/luate
x-cache/generic/fonts/otf/ubuntu-r.luc)
luaotfload | load : Lookup/name: "Ubuntu" -> "Ubuntu-R.ttf"
\g__fontspec_family_Ubuntu_int=\count303
luaotfload | load : Lookup/name: "Ubuntu" -> "Ubuntu-R.ttf"
luaotfload | load : Lookup/name: "Ubuntu" -> "Ubuntu-BI.ttf"(compiling luc: /var
/lib/texmf/luatex-cache/generic/fonts/otf/ubuntu-bi.luc)(compiling luc: /home/ba
s/.texmf-var/luatex-cache/generic/fonts/otf/ubuntu-bi.luc)(save: /home/bas/.texm
f-var/luatex-cache/generic/fonts/otf/ubuntu-bi.lua)(save: /home/bas/.texmf-var/l
uatex-cache/generic/fonts/otf/ubuntu-bi.luc)
luaotfload | load : Lookup/name: "Ubuntu" -> "Ubuntu-R.ttf"
luaotfload | load : Lookup/name: "Ubuntu" -> "Ubuntu-B.ttf"(compiling luc: /var/
lib/texmf/luatex-cache/generic/fonts/otf/ubuntu-b.luc)(compiling luc: /home/bas/
.texmf-var/luatex-cache/generic/fonts/otf/ubuntu-b.luc)(save: /home/bas/.texmf-v
ar/luatex-cache/generic/fonts/otf/ubuntu-b.lua)(save: /home/bas/.texmf-var/luate
x-cache/generic/fonts/otf/ubuntu-b.luc)
luaotfload | load : Lookup/name: "Ubuntu" -> "Ubuntu-R.ttf"
luaotfload | load : Lookup/name: "Ubuntu" -> "Ubuntu-RI.ttf"(compiling luc: /var
/lib/texmf/luatex-cache/generic/fonts/otf/ubuntu-ri.luc)(compiling luc: /home/ba
s/.texmf-var/luatex-cache/generic/fonts/otf/ubuntu-ri.luc)(save: /home/bas/.texm
f-var/luatex-cache/generic/fonts/otf/ubuntu-ri.lua)(save: /home/bas/.texmf-var/l
uatex-cache/generic/fonts/otf/ubuntu-ri.luc)
luaotfload | load : Lookup/name: "Ubuntu" -> "Ubuntu-R.ttf"
luaotfload | load : Lookup/name: "Ubuntu" -> "Ubuntu-R.ttf"
luaotfload | aux : font no 31 (Ubuntu) does not define feature smcp for script l
atn with language dflt
luaotfload | aux : no font with id 31
luaotfload | load : Lookup/name: "Ubuntu" -> "Ubuntu-B.ttf"
luaotfload | load : Lookup/name: "Ubuntu" -> "Ubuntu-B.ttf"
luaotfload | aux : font no 33 (Ubuntu-Bold) does not define feature smcp for scr
ipt latn with language dflt
luaotfload | aux : no font with id 33
luaotfload | load : Lookup/name: "Ubuntu" -> "Ubuntu-RI.ttf"
luaotfload | load : Lookup/name: "Ubuntu" -> "Ubuntu-RI.ttf"
luaotfload | aux : font no 34 (Ubuntu-Italic) does not define feature smcp for s
cript latn with language dflt
luaotfload | aux : no font with id 34
luaotfload | load : Lookup/name: "Ubuntu" -> "Ubuntu-BI.ttf"
luaotfload | load : Lookup/name: "Ubuntu" -> "Ubuntu-BI.ttf"
luaotfload | aux : font no 32 (Ubuntu-BoldItalic) does not define feature smcp f
or script latn with language dflt
luaotfload | aux : no font with id 32
.................................................
. fontspec info: "defining-font"
. 
. Font family 'Ubuntu(0)' created for font 'Ubuntu' with options
. [Ligatures=TeX].
. 
. This font family consists of the following shapes:
. 
. * 'normal' with NFSS spec.:
. <->"Ubuntu:mode=node;script=latn;language=DFLT;+tlig;+trep;"
. 
. * 'small caps' with NFSS spec.:
. 
. and font adjustment code:
. 
. 
. * 'bold' with NFSS spec.:
. <->"Ubuntu/B:mode=node;script=latn;language=DFLT;+tlig;+trep;"
. 
. * 'bold small caps' with NFSS spec.:
. 
. and font adjustment code:
. 
. 
. * 'italic' with NFSS spec.:
. <->"Ubuntu/I:mode=node;script=latn;language=DFLT;+tlig;+trep;"
. 
. * 'small caps' with NFSS spec.:
. 
. and font adjustment code:
. 
. 
. * 'bold italic' with NFSS spec.:
. <->"Ubuntu/BI:mode=node;script=latn;language=DFLT;+tlig;+trep;"
. 
. * 'bold small caps' with NFSS spec.:
. 
. and font adjustment code:
. 
.................................................
luaotfload | load : Lookup/name: "Ubuntu" -> "Ubuntu-R.ttf"
(/usr/share/texlive/texmf-dist/tex/latex/biblatex/biblatex.sty
Package: biblatex 2014/06/25 v2.9a programmable bibliographies (PK/JW/AB)

(/usr/share/texlive/texmf-dist/tex/latex/biblatex/biblatex2.sty
Package: biblatex2 2014/06/25 v2.9a programmable bibliographies (biber) (PK/JW/A
B)

(/usr/share/texlive/texmf-dist/tex/latex/oberdiek/kvoptions.sty
Package: kvoptions 2011/06/30 v3.11 Key value format for package options (HO)

(/usr/share/texlive/texmf-dist/tex/generic/oberdiek/kvsetkeys.sty
Package: kvsetkeys 2012/04/25 v1.16 Key value parser (HO)

(/usr/share/texlive/texmf-dist/tex/generic/oberdiek/etexcmds.sty
Package: etexcmds 2011/02/16 v1.5 Avoid name clashes with e-TeX commands (HO)
)))
(/usr/share/texlive/texmf-dist/tex/latex/logreq/logreq.sty
Package: logreq 2010/08/04 v1.0 xml request logger
\lrq@indent=\count304

(/usr/share/texlive/texmf-dist/tex/latex/logreq/logreq.def
File: logreq.def 2010/08/04 v1.0 logreq spec v1.0
))
(/usr/share/texlive/texmf-dist/tex/latex/url/url.sty
\Urlmuskip=\muskip17
Package: url 2013/09/16  ver 3.4  Verb mode for urls, etc.
)
\c@tabx@nest=\count305
\c@listtotal=\count306
\c@listcount=\count307
\c@liststart=\count308
\c@liststop=\count309
\c@citecount=\count310
\c@citetotal=\count311
\c@multicitecount=\count312
\c@multicitetotal=\count313
\c@instcount=\count314
\c@maxnames=\count315
\c@minnames=\count316
\c@maxitems=\count317
\c@minitems=\count318
\c@citecounter=\count319
\c@savedcitecounter=\count320
\c@uniquelist=\count321
\c@uniquename=\count322
\c@refsection=\count323
\c@refsegment=\count324
\c@maxextratitle=\count325
\c@maxextratitleyear=\count326
\c@maxextrayear=\count327
\c@maxextraalpha=\count328
\c@abbrvpenalty=\count329
\c@highnamepenalty=\count330
\c@lownamepenalty=\count331
\c@maxparens=\count332
\c@parenlevel=\count333
\blx@tempcnta=\count334
\blx@tempcntb=\count335
\blx@tempcntc=\count336
\blx@maxsection=\count337
\blx@maxsegment@0=\count338
\blx@notetype=\count339
\blx@parenlevel@text=\count340
\blx@parenlevel@foot=\count341
\blx@sectionciteorder@0=\count342
\labelnumberwidth=\skip261
\labelalphawidth=\skip262
\biblabelsep=\skip263
\bibitemsep=\skip264
\bibnamesep=\skip265
\bibinitsep=\skip266
\bibparsep=\skip267
\bibhang=\skip268
\blx@bcfin=\read3
\blx@bcfout=\write5
\c@mincomprange=\count343
\c@maxcomprange=\count344
\c@mincompwidth=\count345
Package biblatex Info: Trying to load biblatex default data model...
Package biblatex Info: ... file 'blx-dm.def' found.

(/usr/share/texlive/texmf-dist/tex/latex/biblatex/blx-dm.def)
Package biblatex Info: Trying to load biblatex style data model...
Package biblatex Info: ... file 'numeric-comp.dbx' not found.
Package biblatex Info: Trying to load biblatex custom data model...
Package biblatex Info: ... file 'biblatex-dm.cfg' not found.
\c@afterword=\count346
\c@savedafterword=\count347
\c@annotator=\count348
\c@savedannotator=\count349
\c@author=\count350
\c@savedauthor=\count351
\c@bookauthor=\count352
\c@savedbookauthor=\count353
\c@commentator=\count354
\c@savedcommentator=\count355
\c@editor=\count356
\c@savededitor=\count357
\c@editora=\count358
\c@savededitora=\count359
\c@editorb=\count360
\c@savededitorb=\count361
\c@editorc=\count362
\c@savededitorc=\count363
\c@foreword=\count364
\c@savedforeword=\count365
\c@holder=\count366
\c@savedholder=\count367
\c@introduction=\count368
\c@savedintroduction=\count369
\c@namea=\count370
\c@savednamea=\count371
\c@nameb=\count372
\c@savednameb=\count373
\c@namec=\count374
\c@savednamec=\count375
\c@translator=\count376
\c@savedtranslator=\count377
\c@shortauthor=\count378
\c@savedshortauthor=\count379
\c@shorteditor=\count380
\c@savedshorteditor=\count381
\c@labelname=\count382
\c@savedlabelname=\count383
\c@institution=\count384
\c@savedinstitution=\count385
\c@lista=\count386
\c@savedlista=\count387
\c@listb=\count388
\c@savedlistb=\count389
\c@listc=\count390
\c@savedlistc=\count391
\c@listd=\count392
\c@savedlistd=\count393
\c@liste=\count394
\c@savedliste=\count395
\c@listf=\count396
\c@savedlistf=\count397
\c@location=\count398
\c@savedlocation=\count399
\c@organization=\count400
\c@savedorganization=\count401
\c@origlocation=\count402
\c@savedoriglocation=\count403
\c@origpublisher=\count404
\c@savedorigpublisher=\count405
\c@publisher=\count406
\c@savedpublisher=\count407
\c@language=\count408
\c@savedlanguage=\count409
\c@pageref=\count410
\c@savedpageref=\count411
\shorthandwidth=\skip269
\shortjournalwidth=\skip270
\shortserieswidth=\skip271
\shorttitlewidth=\skip272
\shortauthorwidth=\skip273
\shorteditorwidth=\skip274
Package biblatex Info: Trying to load compatibility code...
Package biblatex Info: ... file 'blx-compat.def' found.

(/usr/share/texlive/texmf-dist/tex/latex/biblatex/blx-compat.def
File: blx-compat.def 2014/06/25 v2.9a biblatex compatibility (PK/JW/AB)
)
Package biblatex Info: Trying to load generic definitions...
Package biblatex Info: ... file 'biblatex.def' found.

(/usr/share/texlive/texmf-dist/tex/latex/biblatex/biblatex.def
File: biblatex.def 
\c@textcitecount=\count412
\c@textcitetotal=\count413
\c@textcitemaxnames=\count414
\c@biburlnumpenalty=\count415
\c@biburlucpenalty=\count416
\c@biburllcpenalty=\count417
\c@smartand=\count418
)
Package biblatex Info: Trying to load bibliography style 'numeric-comp'...
Package biblatex Info: ... file 'numeric-comp.bbx' found.

(/usr/share/texlive/texmf-dist/tex/latex/biblatex/bbx/numeric-comp.bbx
File: numeric-comp.bbx 2014/06/25 v2.9a biblatex bibliography style (PK/JW/AB)
Package biblatex Info: Trying to load bibliography style 'numeric'...
Package biblatex Info: ... file 'numeric.bbx' found.

(/usr/share/texlive/texmf-dist/tex/latex/biblatex/bbx/numeric.bbx
File: numeric.bbx 2014/06/25 v2.9a biblatex bibliography style (PK/JW/AB)
Package biblatex Info: Trying to load bibliography style 'standard'...
Package biblatex Info: ... file 'standard.bbx' found.

(/usr/share/texlive/texmf-dist/tex/latex/biblatex/bbx/standard.bbx
File: standard.bbx 2014/06/25 v2.9a biblatex bibliography style (PK/JW/AB)
\c@bbx:relatedcount=\count419
\c@bbx:relatedtotal=\count420
)))
Package biblatex Info: Trying to load citation style 'numeric-comp'...
Package biblatex Info: ... file 'numeric-comp.cbx' found.

(/usr/share/texlive/texmf-dist/tex/latex/biblatex/cbx/numeric-comp.cbx
File: numeric-comp.cbx 2014/06/25 v2.9a biblatex citation style (PK/JW/AB)
\c@cbx@tempcnta=\count421
\c@cbx@tempcntb=\count422
Package biblatex Info: Redefining '\cite'.
Package biblatex Info: Redefining '\parencite'.
Package biblatex Info: Redefining '\footcite'.
Package biblatex Info: Redefining '\footcitetext'.
Package biblatex Info: Redefining '\smartcite'.
Package biblatex Info: Redefining '\supercite'.
Package biblatex Info: Redefining '\textcite'.
Package biblatex Info: Redefining '\textcites'.
Package biblatex Info: Redefining '\cites'.
Package biblatex Info: Redefining '\parencites'.
Package biblatex Info: Redefining '\smartcites'.
)
Package biblatex Info: Trying to load configuration file...
Package biblatex Info: ... file 'biblatex.cfg' found.

(/usr/share/texlive/texmf-dist/tex/latex/biblatex/biblatex.cfg
File: biblatex.cfg 
)))
Package biblatex Info: Trying to load language 'english'...
Package biblatex Info: ... file 'english.lbx' found.

(/usr/share/texlive/texmf-dist/tex/latex/biblatex/lbx/english.lbx
File: english.lbx 2014/06/25 v2.9a biblatex localization (PK/JW/AB)
)
\@quotelevel=\count423
\@quotereset=\count424

(./cbio-postertemplate.aux)
LaTeX Font Info:    Checking defaults for OML/cmm/m/it on input line 41.
LaTeX Font Info:    ... okay on input line 41.
LaTeX Font Info:    Checking defaults for T1/cmr/m/n on input line 41.
LaTeX Font Info:    ... okay on input line 41.
LaTeX Font Info:    Checking defaults for OT1/cmr/m/n on input line 41.
LaTeX Font Info:    ... okay on input line 41.
LaTeX Font Info:    Checking defaults for OMS/cmsy/m/n on input line 41.
LaTeX Font Info:    ... okay on input line 41.
LaTeX Font Info:    Checking defaults for OMX/cmex/m/n on input line 41.
LaTeX Font Info:    ... okay on input line 41.
LaTeX Font Info:    Checking defaults for U/cmr/m/n on input line 41.
LaTeX Font Info:    ... okay on input line 41.
LaTeX Font Info:    Checking defaults for EU2/lmr/m/n on input line 41.
LaTeX Font Info:    ... okay on input line 41.
LaTeX Font Info:    Checking defaults for T3/cmr/m/n on input line 41.
LaTeX Font Info:    Try loading font information for T3+cmr on input line 41.
 (/usr/share/texmf/tex/latex/tipa/t3cmr.fd
File: t3cmr.fd 2001/12/31 TIPA font definitions
)
LaTeX Font Info:    ... okay on input line 41.

ABD: EveryShipout initializing macros
(/usr/share/texlive/texmf-dist/tex/context/base/supp-pdf.mkii
[Loading MPS to PDF converter (version 2006.09.02).]
\scratchcounter=\count425
\scratchdimen=\dimen310
\scratchbox=\box258
\nofMPsegments=\count426
\nofMParguments=\count427
\everyMPshowfont=\toks37
\MPscratchCnt=\count428
\MPscratchDim=\dimen311
\MPnumerator=\count429
\makeMPintoPDFobject=\count430
\everyMPtoPDFconversion=\toks38
) (/usr/share/texlive/texmf-dist/tex/latex/oberdiek/epstopdf-base.sty
Package: epstopdf-base 2010/02/09 v2.5 Base part for package epstopdf

(/usr/share/texlive/texmf-dist/tex/latex/oberdiek/grfext.sty
Package: grfext 2010/08/19 v1.1 Manage graphics extensions (HO)

(/usr/share/texlive/texmf-dist/tex/generic/oberdiek/kvdefinekeys.sty
Package: kvdefinekeys 2011/04/07 v1.3 Define keys (HO)
))
Package grfext Info: Graphics extension search list:
(grfext)             [.png,.pdf,.jpg,.mps,.jpeg,.jbig2,.jb2,.PNG,.PDF,.JPG,.JPEG
,.JBIG2,.JB2,.eps]
(grfext)             \AppendGraphicsExtensions on input line 452.

(/usr/share/texlive/texmf-dist/tex/latex/latexconfig/epstopdf-sys.cfg
File: epstopdf-sys.cfg 2010/07/13 v1.3 Configuration of (r)epstopdf for TeX Live

))
*geometry* driver: auto-detecting
*geometry* detected driver: pdftex
*geometry* verbose mode - [ preamble ] result:
* driver: pdftex
* paper: a0paper
* layout: <same size as paper>
* layoutoffset:(h,v)=(0.0pt,0.0pt)
* modes: 
* h-part:(L,W,R)=(0.0pt, 2392.87677pt, 0.0pt)
* v-part:(T,H,B)=(0.0pt, 3383.03267pt, 0.0pt)
* \paperwidth=2392.87677pt
* \paperheight=3383.03267pt
* \textwidth=2392.87677pt
* \textheight=3383.03267pt
* \oddsidemargin=-72.26999pt
* \evensidemargin=-72.26999pt
* \topmargin=-109.26999pt
* \headheight=12.0pt
* \headsep=25.0pt
* \topskip=10.0pt
* \footskip=30.0pt
* \marginparwidth=65.0pt
* \marginparsep=11.0pt
* \columnsep=10.0pt
* \skip\footins=25.19994pt plus 11.19876pt minus 5.60118pt
* \hoffset=0.0pt
* \voffset=0.0pt
* \mag=1000
* \@twocolumnfalse
* \@twosidefalse
* \@mparswitchfalse
* \@reversemarginfalse
* (1in=72.27pt=25.4mm, 1cm=28.453pt)

<MSKCC_symbol_inv.png, id=29, 164.7756pt x 185.493pt>
File: MSKCC_symbol_inv.png Graphic file (type png)

<use MSKCC_symbol_inv.png>
Package pdftex.def Info: MSKCC_symbol_inv.png used on input line 41.
(pdftex.def)             Requested size: 164.77518pt x 185.49254pt.
luaotfload | load : Lookup/name: "Ubuntu" -> "Ubuntu-R.ttf"
luaotfload | load : Lookup/name: "Ubuntu" -> "Ubuntu-B.ttf"
LaTeX Font Info:    Calculating math sizes for size <23.33362> on input line 41.



LaTeX Font Warning: Font shape `OT1/cmr/m/n' in size <23.33362> not available
(Font)              size <24.88> substituted on input line 41.


LaTeX Font Warning: Font shape `OT1/cmr/m/n' in size <16.33345> not available
(Font)              size <17.28> substituted on input line 41.


LaTeX Font Warning: Font shape `OML/cmm/m/it' in size <23.33362> not available
(Font)              size <24.88> substituted on input line 41.


LaTeX Font Warning: Font shape `OML/cmm/m/it' in size <16.33345> not available
(Font)              size <17.28> substituted on input line 41.


LaTeX Font Warning: Font shape `OMS/cmsy/m/n' in size <23.33362> not available
(Font)              size <24.88> substituted on input line 41.


LaTeX Font Warning: Font shape `OMS/cmsy/m/n' in size <16.33345> not available
(Font)              size <17.28> substituted on input line 41.


LaTeX Font Warning: Font shape `OMX/cmex/m/n' in size <23.33362> not available
(Font)              size <24.88> substituted on input line 41.


LaTeX Font Warning: Font shape `OMX/cmex/m/n' in size <16.33345> not available
(Font)              size <17.28> substituted on input line 41.

luaotfload | load : Lookup/name: "Ubuntu" -> "Ubuntu-B.ttf"
luaotfload | load : Lookup/name: "Ubuntu" -> "Ubuntu-RI.ttf"
.................................................
. fontspec info: "setup-math"
. 
. Adjusting the maths setup (use [no-math] to avoid this).
.................................................
\symlegacymaths=\mathgroup4
LaTeX Font Info:    Overwriting symbol font `legacymaths' in version `bold'
(Font)                  OT1/cmr/m/n --> OT1/cmr/bx/n on input line 41.
LaTeX Font Info:    Redeclaring math accent \acute on input line 41.
LaTeX Font Info:    Redeclaring math accent \grave on input line 41.
LaTeX Font Info:    Redeclaring math accent \ddot on input line 41.
LaTeX Font Info:    Redeclaring math accent \tilde on input line 41.
LaTeX Font Info:    Redeclaring math accent \bar on input line 41.
LaTeX Font Info:    Redeclaring math accent \breve on input line 41.
LaTeX Font Info:    Redeclaring math accent \check on input line 41.
LaTeX Font Info:    Redeclaring math accent \hat on input line 41.
LaTeX Font Info:    Redeclaring math accent \dot on input line 41.
LaTeX Font Info:    Redeclaring math accent \mathring on input line 41.
LaTeX Font Info:    Redeclaring math symbol \Gamma on input line 41.
LaTeX Font Info:    Redeclaring math symbol \Delta on input line 41.
LaTeX Font Info:    Redeclaring math symbol \Theta on input line 41.
LaTeX Font Info:    Redeclaring math symbol \Lambda on input line 41.
LaTeX Font Info:    Redeclaring math symbol \Xi on input line 41.
LaTeX Font Info:    Redeclaring math symbol \Pi on input line 41.
LaTeX Font Info:    Redeclaring math symbol \Sigma on input line 41.
LaTeX Font Info:    Redeclaring math symbol \Upsilon on input line 41.
LaTeX Font Info:    Redeclaring math symbol \Phi on input line 41.
LaTeX Font Info:    Redeclaring math symbol \Psi on input line 41.
LaTeX Font Info:    Redeclaring math symbol \Omega on input line 41.
LaTeX Font Info:    Redeclaring math symbol \mathdollar on input line 41.
LaTeX Font Info:    Redeclaring symbol font `operators' on input line 41.
LaTeX Font Info:    Encoding `OT1' has changed to `EU2' for symbol font
(Font)              `operators' in the math version `normal' on input line 41.
LaTeX Font Info:    Overwriting symbol font `operators' in version `normal'
(Font)                  OT1/cmr/m/n --> EU2/Ubuntu(0)/m/n on input line 41.
LaTeX Font Info:    Encoding `OT1' has changed to `EU2' for symbol font
(Font)              `operators' in the math version `bold' on input line 41.
LaTeX Font Info:    Overwriting symbol font `operators' in version `bold'
(Font)                  OT1/cmr/bx/n --> EU2/Ubuntu(0)/m/n on input line 41.
LaTeX Font Info:    Overwriting symbol font `operators' in version `normal'
(Font)                  EU2/Ubuntu(0)/m/n --> EU2/Ubuntu(0)/m/n on input line 41
.
LaTeX Font Info:    Overwriting math alphabet `\mathit' in version `normal'
(Font)                  OT1/cmr/m/it --> EU2/Ubuntu(0)/m/it on input line 41.
LaTeX Font Info:    Overwriting math alphabet `\mathbf' in version `normal'
(Font)                  OT1/cmr/bx/n --> EU2/Ubuntu(0)/bx/n on input line 41.
LaTeX Font Info:    Overwriting math alphabet `\mathsf' in version `normal'
(Font)                  OT1/cmss/m/n --> EU2/lmss/m/n on input line 41.
LaTeX Font Info:    Overwriting math alphabet `\mathtt' in version `normal'
(Font)                  OT1/cmtt/m/n --> EU2/lmtt/m/n on input line 41.
LaTeX Font Info:    Overwriting symbol font `operators' in version `bold'
(Font)                  EU2/Ubuntu(0)/m/n --> EU2/Ubuntu(0)/bx/n on input line 4
1.
LaTeX Font Info:    Overwriting math alphabet `\mathit' in version `bold'
(Font)                  OT1/cmr/bx/it --> EU2/Ubuntu(0)/bx/it on input line 41.
LaTeX Font Info:    Overwriting math alphabet `\mathsf' in version `bold'
(Font)                  OT1/cmss/bx/n --> EU2/lmss/bx/n on input line 41.
LaTeX Font Info:    Overwriting math alphabet `\mathtt' in version `bold'
(Font)                  OT1/cmtt/m/n --> EU2/lmtt/bx/n on input line 41.
Package biblatex Info: LuaTeX detected.
(biblatex)             Assuming input encoding 'utf8'.
Package biblatex Info: Automatic encoding selection.
(biblatex)             Assuming data encoding 'utf8'.
Package biblatex Info: Trying to load bibliographic data...
Package biblatex Info: ... file 'cbio-postertemplate.bbl' found.
(./cbio-postertemplate.bbl)
Package biblatex Info: Reference section=0 on input line 41.
Package biblatex Info: Reference segment=0 on input line 41.
File: MSKCC_symbol_inv.png Graphic file (type png)
 <use MSKCC_symbol_inv.png>
Package pdftex.def Info: MSKCC_symbol_inv.png used on input line 45.
(pdftex.def)             Requested size: 164.77518pt x 185.49254pt.
luaotfload | load : Lookup/name: "Ubuntu" -> "Ubuntu-B.ttf"
luaotfload | load : Lookup/name: "Ubuntu" -> "Ubuntu-B.ttf"
luaotfload | load : Lookup/name: "Ubuntu" -> "Ubuntu-R.ttf"

LaTeX Font Warning: Font shape `EU2/Ubuntu(0)/m/sc' undefined
(Font)              using `EU2/Ubuntu(0)/m/n' instead on input line 45.

luaotfload | load : Lookup/name: "Ubuntu" -> "Ubuntu-R.ttf"
LaTeX Font Info:    Calculating math sizes for size <69.66418> on input line 45.

luaotfload | load : Lookup/name: "Ubuntu" -> "Ubuntu-R.ttf"
luaotfload | load : Lookup/name: "Ubuntu" -> "Ubuntu-R.ttf"

LaTeX Font Warning: Font shape `OML/cmm/m/it' in size <69.66418> not available
(Font)              size <74.3> substituted on input line 45.


LaTeX Font Warning: Font shape `OML/cmm/m/it' in size <48.76471> not available
(Font)              size <51.6> substituted on input line 45.


LaTeX Font Warning: Font shape `OML/cmm/m/it' in size <34.83209> not available
(Font)              size <35.83> substituted on input line 45.


LaTeX Font Warning: Font shape `OMS/cmsy/m/n' in size <69.66418> not available
(Font)              size <74.3> substituted on input line 45.


LaTeX Font Warning: Font shape `OMS/cmsy/m/n' in size <48.76471> not available
(Font)              size <51.6> substituted on input line 45.


LaTeX Font Warning: Font shape `OMS/cmsy/m/n' in size <34.83209> not available
(Font)              size <35.83> substituted on input line 45.


LaTeX Font Warning: Font shape `OMX/cmex/m/n' in size <69.66418> not available
(Font)              size <24.88> substituted on input line 45.


LaTeX Font Warning: Font shape `OMX/cmex/m/n' in size <48.76471> not available
(Font)              size <24.88> substituted on input line 45.


LaTeX Font Warning: Font shape `OMX/cmex/m/n' in size <34.83209> not available
(Font)              size <24.88> substituted on input line 45.


LaTeX Font Warning: Font shape `OT1/cmr/m/n' in size <69.66418> not available
(Font)              size <74.3> substituted on input line 45.


LaTeX Font Warning: Font shape `OT1/cmr/m/n' in size <48.76471> not available
(Font)              size <51.6> substituted on input line 45.


LaTeX Font Warning: Font shape `OT1/cmr/m/n' in size <34.83209> not available
(Font)              size <35.83> substituted on input line 45.

luaotfload | load : Lookup/name: "Ubuntu" -> "Ubuntu-R.ttf"
LaTeX Font Info:    Calculating math sizes for size <58.07214> on input line 45.

luaotfload | load : Lookup/name: "Ubuntu" -> "Ubuntu-R.ttf"
luaotfload | load : Lookup/name: "Ubuntu" -> "Ubuntu-R.ttf"

LaTeX Font Warning: Font shape `OML/cmm/m/it' in size <58.07214> not available
(Font)              size <61.92> substituted on input line 45.


LaTeX Font Warning: Font shape `OML/cmm/m/it' in size <40.65031> not available
(Font)              size <43.00> substituted on input line 45.


LaTeX Font Warning: Font shape `OML/cmm/m/it' in size <29.03607> not available
(Font)              size <29.86> substituted on input line 45.


LaTeX Font Warning: Font shape `OMS/cmsy/m/n' in size <58.07214> not available
(Font)              size <61.92> substituted on input line 45.


LaTeX Font Warning: Font shape `OMS/cmsy/m/n' in size <40.65031> not available
(Font)              size <43.00> substituted on input line 45.


LaTeX Font Warning: Font shape `OMS/cmsy/m/n' in size <29.03607> not available
(Font)              size <29.86> substituted on input line 45.


LaTeX Font Warning: Font shape `OMX/cmex/m/n' in size <58.07214> not available
(Font)              size <24.88> substituted on input line 45.


LaTeX Font Warning: Font shape `OMX/cmex/m/n' in size <40.65031> not available
(Font)              size <24.88> substituted on input line 45.


LaTeX Font Warning: Font shape `OMX/cmex/m/n' in size <29.03607> not available
(Font)              size <24.88> substituted on input line 45.


LaTeX Font Warning: Font shape `OT1/cmr/m/n' in size <58.07214> not available
(Font)              size <61.92> substituted on input line 45.


LaTeX Font Warning: Font shape `OT1/cmr/m/n' in size <40.65031> not available
(Font)              size <43.00> substituted on input line 45.


LaTeX Font Warning: Font shape `OT1/cmr/m/n' in size <29.03607> not available
(Font)              size <29.86> substituted on input line 45.

luaotfload | load : Lookup/name: "Ubuntu" -> "Ubuntu-R.ttf"
LaTeX Font Info:    Calculating math sizes for size <28> on input line 45.
luaotfload | load : Lookup/name: "Ubuntu" -> "Ubuntu-R.ttf"
luaotfload | load : Lookup/name: "Ubuntu" -> "Ubuntu-R.ttf"

LaTeX Font Warning: Font shape `OML/cmm/m/it' in size <28> not available
(Font)              size <29.86> substituted on input line 45.


LaTeX Font Warning: Font shape `OML/cmm/m/it' in size <19.59991> not available
(Font)              size <20.74> substituted on input line 45.


LaTeX Font Warning: Font shape `OMS/cmsy/m/n' in size <28> not available
(Font)              size <29.86> substituted on input line 45.


LaTeX Font Warning: Font shape `OMS/cmsy/m/n' in size <19.59991> not available
(Font)              size <20.74> substituted on input line 45.


LaTeX Font Warning: Font shape `OMX/cmex/m/n' in size <28> not available
(Font)              size <24.88> substituted on input line 45.


LaTeX Font Warning: Font shape `OMX/cmex/m/n' in size <19.59991> not available
(Font)              size <20.74> substituted on input line 45.


LaTeX Font Warning: Font shape `OT1/cmr/m/n' in size <28> not available
(Font)              size <29.86> substituted on input line 45.


LaTeX Font Warning: Font shape `OT1/cmr/m/n' in size <19.59991> not available
(Font)              size <20.74> substituted on input line 45.

File: MSKCC_symbol_inv.png Graphic file (type png)
<use MSKCC_symbol_inv.png>
Package pdftex.def Info: MSKCC_symbol_inv.png used on input line 45.
(pdftex.def)             Requested size: 164.77518pt x 185.49254pt.
luaotfload | load : Lookup/name: "Ubuntu" -> "Ubuntu-R.ttf"
luaotfload | load : Lookup/name: "Ubuntu" -> "Ubuntu-B.ttf"
luaotfload | load : Lookup/name: "Ubuntu" -> "Ubuntu-R.ttf"
luaotfload | load : Lookup/name: "Ubuntu" -> "Ubuntu-B.ttf"
luaotfload | load : Lookup/name: "Ubuntu" -> "Ubuntu-RI.ttf"
<figures/cbs_ca_II.PNG, id=41, 1252.68pt x 818.05624pt>
File: figures/cbs_ca_II.PNG Graphic file (type png)

<use figures/cbs_ca_II.PNG>
Package pdftex.def Info: figures/cbs_ca_II.PNG used on input line 68.
(pdftex.def)             Requested size: 674.3849pt x 440.42064pt.
luaotfload | load : Lookup/name: "Ubuntu" -> "Ubuntu-R.ttf"
luaotfload | load : Lookup/name: "Ubuntu" -> "Ubuntu-B.ttf"
LaTeX Font Info:    Calculating math sizes for size <25.55017> on input line 68.

luaotfload | load : Lookup/name: "Ubuntu" -> "Ubuntu-R.ttf"
luaotfload | load : Lookup/name: "Ubuntu" -> "Ubuntu-R.ttf"

LaTeX Font Warning: Font shape `OML/cmm/m/it' in size <25.55017> not available
(Font)              size <24.88> substituted on input line 68.


LaTeX Font Warning: Font shape `OML/cmm/m/it' in size <17.88504> not available
(Font)              size <17.28> substituted on input line 68.


LaTeX Font Warning: Font shape `OML/cmm/m/it' in size <12.77509> not available
(Font)              size <12> substituted on input line 68.


LaTeX Font Warning: Font shape `OMS/cmsy/m/n' in size <25.55017> not available
(Font)              size <24.88> substituted on input line 68.


LaTeX Font Warning: Font shape `OMS/cmsy/m/n' in size <17.88504> not available
(Font)              size <17.28> substituted on input line 68.


LaTeX Font Warning: Font shape `OMS/cmsy/m/n' in size <12.77509> not available
(Font)              size <12> substituted on input line 68.


LaTeX Font Warning: Font shape `OMX/cmex/m/n' in size <25.55017> not available
(Font)              size <24.88> substituted on input line 68.


LaTeX Font Warning: Font shape `OMX/cmex/m/n' in size <17.88504> not available
(Font)              size <17.28> substituted on input line 68.


LaTeX Font Warning: Font shape `OMX/cmex/m/n' in size <12.77509> not available
(Font)              size <12> substituted on input line 68.


LaTeX Font Warning: Font shape `OT1/cmr/m/n' in size <25.55017> not available
(Font)              size <24.88> substituted on input line 68.


LaTeX Font Warning: Font shape `OT1/cmr/m/n' in size <17.88504> not available
(Font)              size <17.28> substituted on input line 68.


LaTeX Font Warning: Font shape `OT1/cmr/m/n' in size <12.77509> not available
(Font)              size <12> substituted on input line 68.

<figures/baseline.png, id=44, 1205.50375pt x 829.0975pt>
File: figures/baseline.png Graphic file (type png)

<use figures/baseline.png>
Package pdftex.def Info: figures/baseline.png used on input line 77.
(pdftex.def)             Requested size: 674.3849pt x 463.8107pt.

<figures/itcexp.png, id=49, 1095.09125pt x 738.76pt>
File: figures/itcexp.png Graphic file (type png)
 <use figures/itcexp.png>
Package pdftex.def Info: figures/itcexp.png used on input line 91.
(pdftex.def)             Requested size: 674.3849pt x 454.94905pt.

<figures/postpredictive.png, id=52, 761.84625pt x 547.04375pt>
File: figures/postpredictive.png Graphic file (type png)

<use figures/postpredictive.png>
Package pdftex.def Info: figures/postpredictive.png used on input line 99.
(pdftex.def)             Requested size: 674.3849pt x 484.25473pt.
LaTeX Font Info:    Calculating math sizes for size <33.59991> on input line 117
.
luaotfload | load : Lookup/name: "Ubuntu" -> "Ubuntu-R.ttf"
luaotfload | load : Lookup/name: "Ubuntu" -> "Ubuntu-R.ttf"

LaTeX Font Warning: Font shape `OML/cmm/m/it' in size <33.59991> not available
(Font)              size <35.83> substituted on input line 117.


LaTeX Font Warning: Font shape `OML/cmm/m/it' in size <23.51984> not available
(Font)              size <24.88> substituted on input line 117.


LaTeX Font Warning: Font shape `OML/cmm/m/it' in size <16.79996> not available
(Font)              size <17.28> substituted on input line 117.


LaTeX Font Warning: Font shape `OMS/cmsy/m/n' in size <33.59991> not available
(Font)              size <35.83> substituted on input line 117.


LaTeX Font Warning: Font shape `OMS/cmsy/m/n' in size <23.51984> not available
(Font)              size <24.88> substituted on input line 117.


LaTeX Font Warning: Font shape `OMS/cmsy/m/n' in size <16.79996> not available
(Font)              size <17.28> substituted on input line 117.


LaTeX Font Warning: Font shape `OMX/cmex/m/n' in size <33.59991> not available
(Font)              size <24.88> substituted on input line 117.


LaTeX Font Warning: Font shape `OMX/cmex/m/n' in size <23.51984> not available
(Font)              size <24.88> substituted on input line 117.


LaTeX Font Warning: Font shape `OMX/cmex/m/n' in size <16.79996> not available
(Font)              size <17.28> substituted on input line 117.


LaTeX Font Warning: Font shape `OT1/cmr/m/n' in size <33.59991> not available
(Font)              size <35.83> substituted on input line 117.


LaTeX Font Warning: Font shape `OT1/cmr/m/n' in size <23.51984> not available
(Font)              size <24.88> substituted on input line 117.


LaTeX Font Warning: Font shape `OT1/cmr/m/n' in size <16.79996> not available
(Font)              size <17.28> substituted on input line 117.


Overfull \hbox (5.04982pt too wide) in paragraph at lines 117--117
[][] 
 []

<figures/sampling.png, id=59, 867.24pt x 578.16pt>
File: figures/sampling.png Graphic file (type png)
 <use figures/sampling.png>
Package pdftex.def Info: figures/sampling.png used on input line 133.
(pdftex.def)             Requested size: 674.3849pt x 449.61322pt.

Underfull \hbox (badness 10000) in paragraph at lines 141--141
[][]\EU2/Ubuntu(0)/m/n/33.59991 First
 []


Overfull \hbox (7.82681pt too wide) in paragraph at lines 141--141
\EU2/Ubuntu(0)/m/n/33.59991 block. 
 []


Underfull \hbox (badness 10000) in paragraph at lines 141--141
[][]\EU2/Ubuntu(0)/m/n/33.59991 Sec-
 []


Underfull \hbox (badness 10000) in paragraph at lines 141--141
\EU2/Ubuntu(0)/m/n/33.59991 ond
 []


Overfull \hbox (2.00499pt too wide) in paragraph at lines 142--142
 \EU2/Ubuntu(0)/bx/n/48.38391 columns 
 []


Underfull \hbox (badness 10000) in paragraph at lines 143--143
[][]\EU2/Ubuntu(0)/m/n/33.59991 Fi-nal
 []


Underfull \hbox (badness 10000) in paragraph at lines 143--143
\EU2/Ubuntu(0)/m/n/33.59991 Sub-col-
 []


Underfull \hbox (badness 10000) in paragraph at lines 143--143
\EU2/Ubuntu(0)/m/n/33.59991 umn
 []

luaotfload | load : Lookup/name: "Ubuntu" -> "Ubuntu-RI.ttf" [1

{/var/lib/texmf/fonts/map/pdftex/updmap/pdftex.map}
Missing character: There is no 1 (U+0031) in font nullfont!
Missing character: There is no = (U+003D) in font nullfont!
Missing character: There is no 1 (U+0031) in font nullfont!
<./MSKCC_symbol_inv.png><./figures/cbs_ca_II.PNG><./figures/baseline.png><./figu
res/itcexp.png><./figures/postpredictive.png><./figures/sampling.png>] (./cbio-
postertemplate.aux)

LaTeX Font Warning: Size substitutions with differences
(Font)              up to 44.78418pt have occurred.


LaTeX Font Warning: Some font shapes were not available, defaults substituted.

Package logreq Info: Writing requests to 'cbio-postertemplate.run.xml'.
)

Here is how much of LuaTeX's memory you used:
 35866 strings out of 493787
 100000,1144653 words of node,token memory allocated
 644 words of node memory still in use:
   14 hlist, 2 vlist, 2 rule, 2 glue, 2 kern, 8 attribute, 51 glue_spec, 8 attri
bute_list, 1 write, 14 pdf_literal, 7 pdf_refxform, 14 pdf_colorstack nodes
   avail lists: 1:1,2:18844,3:2654,4:3136,5:254,6:3693,7:73,8:1,9:1144,10:391
 38262 multiletter control sequences out of 65536+600000
 103 fonts using 10343615 bytes
 62i,14n,84p,1356b,1893s stack positions out of 5000i,500n,10000p,200000b,100000s
</usr/share/fonts/truetype/ubuntu-font-family/Ubuntu-RI.ttf></usr/share/fonts/tr
uetype/ubuntu-font-family/Ubuntu-R.ttf></usr/share/fonts/truetype/ubuntu-font-fa
mily/Ubuntu-B.ttf><</usr/share/texlive/texmf-dist/fonts/type1/public/amsfonts/cm
/cmmi12.pfb><</usr/share/texlive/texmf-dist/fonts/type1/public/amsfonts/cm/cmr17
.pfb><</usr/share/texlive/texmf-dist/fonts/type1/public/amsfonts/cm/cmsy10.pfb>
Output written on cbio-postertemplate.pdf (1 page, 1357052 bytes).

PDF statistics: 116 PDF objects out of 1000 (max. 8388607)
 56 compressed objects within 1 object stream
 0 named destinations out of 1000 (max. 131072)
 226 words of extra memory for PDF output out of 10000 (max. 10000000)

