This is LuaTeX, Version beta-0.79.1 (TeX Live 2015/dev/Debian) (rev 4971)  (format=lualatex 2015.4.25)  18 MAY 2015 21:48
 restricted \write18 enabled.
**font.tex
(./font.tex
LaTeX2e <2014/05/01>
Babel <3.9l> and hyphenation patterns for 79 languages loaded.
(/usr/share/texlive/texmf-dist/tex/latex/base/article.cls
Document Class: article 2014/09/29 v1.4h Standard LaTeX document class
(/usr/share/texlive/texmf-dist/tex/latex/base/size10.clo
File: size10.clo 2014/09/29 v1.4h Standard LaTeX file (size option)
)
\c@part=\count79
\c@section=\count80
\c@subsection=\count81
\c@subsubsection=\count82
\c@paragraph=\count83
\c@subparagraph=\count84
\c@figure=\count85
\c@table=\count86
\abovecaptionskip=\skip41
\belowcaptionskip=\skip42
\bibindent=\dimen102
)
(/usr/share/texlive/texmf-dist/tex/latex/psnfss/helvet.sty
Package: helvet 2005/04/12 PSNFSS-v9.2a (WaS) 

(/usr/share/texlive/texmf-dist/tex/latex/graphics/keyval.sty
Package: keyval 2014/05/08 v1.15 key=value parser (DPC)
\KV@toks@=\toks14
))
(/usr/share/texlive/texmf-dist/tex/latex/koma-script/scrfontsizes.sty
Package: scrfontsizes 2013/12/19 v3.12 KOMA-Script package (font size file gener
ator)

(/usr/share/texlive/texmf-dist/tex/latex/koma-script/scrextend.sty
Package: scrextend 2013/12/19 v3.12 KOMA-Script KOMA-Script package (extend othe
r classes with features of KOMA-Script classes)

(/usr/share/texlive/texmf-dist/tex/latex/koma-script/scrkbase.sty
Package: scrkbase 2013/12/19 v3.12 KOMA-Script package (KOMA-Script-dependent ba
sics and keyval usage)

(/usr/share/texlive/texmf-dist/tex/latex/koma-script/scrbase.sty
Package: scrbase 2013/12/19 v3.12 KOMA-Script package (KOMA-Script-independent b
asics and keyval usage)

(/usr/share/texlive/texmf-dist/tex/latex/koma-script/scrlfile.sty
Package: scrlfile 2013/12/19 v3.12 KOMA-Script package (loading files)

Package scrlfile, 2013/12/19 v3.12 KOMA-Script package (loading files)
                  Copyright (C) Markus Kohm

)))))

Package scrextend Warning: Using fallback calculation to setup font sizes
(scrextend)                for basic size `32pt' on input line 4.


LaTeX Font Warning: Font shape `OT1/cmr/m/n' in size <32> not available
(Font)              size <24.88> substituted on input line 4.


LaTeX Font Warning: Font shape `OT1/cmr/m/n' in size <29.2002> not available
(Font)              size <24.88> substituted on input line 4.


LaTeX Font Warning: Font shape `OT1/cmr/m/n' in size <26.66699> not available
(Font)              size <24.88> substituted on input line 4.


LaTeX Font Warning: Font shape `OT1/cmr/m/n' in size <21.3335> not available
(Font)              size <20.74> substituted on input line 4.


LaTeX Font Warning: Font shape `OT1/cmr/m/n' in size <16> not available
(Font)              size <17.28> substituted on input line 4.


LaTeX Font Warning: Font shape `OT1/cmr/m/n' in size <38.3999> not available
(Font)              size <24.88> substituted on input line 4.


LaTeX Font Warning: Font shape `OT1/cmr/m/n' in size <46.08008> not available
(Font)              size <24.88> substituted on input line 4.


LaTeX Font Warning: Font shape `OT1/cmr/m/n' in size <55.2959> not available
(Font)              size <24.88> substituted on input line 4.


LaTeX Font Warning: Font shape `OT1/cmr/m/n' in size <66.36816> not available
(Font)              size <24.88> substituted on input line 4.


LaTeX Font Warning: Font shape `OT1/cmr/m/n' in size <79.61621> not available
(Font)              size <24.88> substituted on input line 4.

(./font.aux)
LaTeX Font Info:    Checking defaults for OML/cmm/m/it on input line 5.
LaTeX Font Info:    ... okay on input line 5.
LaTeX Font Info:    Checking defaults for T1/cmr/m/n on input line 5.
LaTeX Font Info:    ... okay on input line 5.
LaTeX Font Info:    Checking defaults for OT1/cmr/m/n on input line 5.
LaTeX Font Info:    ... okay on input line 5.
LaTeX Font Info:    Checking defaults for OMS/cmsy/m/n on input line 5.
LaTeX Font Info:    ... okay on input line 5.
LaTeX Font Info:    Checking defaults for OMX/cmex/m/n on input line 5.
LaTeX Font Info:    ... okay on input line 5.
LaTeX Font Info:    Checking defaults for U/cmr/m/n on input line 5.
LaTeX Font Info:    ... okay on input line 5.
 (./font.aux)

LaTeX Font Warning: Size substitutions with differences
(Font)              up to 54.7362pt have occurred.

)

Here is how much of LuaTeX's memory you used:
 831 strings out of 493787
 100000,552014 words of node,token memory allocated
 262 words of node memory still in use:
   2 hlist, 1 vlist, 1 rule, 2 glue, 39 glue_spec, 2 write nodes
   avail lists: 2:12,3:1,4:19,6:3,7:2,9:1
 4658 multiletter control sequences out of 65536+600000
 35 fonts using 1386495 bytes
 40i,1n,19p,253b,192s stack positions out of 5000i,500n,10000p,200000b,100000s
No pages of output.

PDF statistics: 0 PDF objects out of 1000 (max. 8388607)
 0 named destinations out of 1000 (max. 131072)
 1 words of extra memory for PDF output out of 10000 (max. 10000000)

